#
# There is insufficient memory for the Java Runtime Environment to continue.
# Native memory allocation (malloc) failed to allocate 295216 bytes for Chunk::new
# Possible reasons:
#   The system is out of physical RAM or swap space
#   In 32 bit mode, the process size limit was hit
# Possible solutions:
#   Reduce memory load on the system
#   Increase physical memory or swap space
#   Check if swap backing store is full
#   Use 64 bit Java on a 64 bit OS
#   Decrease Java heap size (-Xmx/-Xms)
#   Decrease number of Java threads
#   Decrease Java thread stack sizes (-Xss)
#   Set larger code cache with -XX:ReservedCodeCacheSize=
# This output file may be truncated or incomplete.
#
#  Out of Memory Error (allocation.cpp:390), pid=41216, tid=38896
#
# JRE version: Java(TM) SE Runtime Environment (8.0_31-b13) (build 1.8.0_31-b13)
# Java VM: Java HotSpot(TM) 64-Bit Server VM (25.31-b07 mixed mode windows-amd64 compressed oops)
# Failed to write core dump. Minidumps are not enabled by default on client versions of Windows
#

---------------  T H R E A D  ---------------

Current thread (0x00000000171f1800):  JavaThread "C2 CompilerThread0" daemon [_thread_in_native, id=38896, stack(0x0000000017770000,0x0000000017870000)]

Stack: [0x0000000017770000,0x0000000017870000]
Native frames: (J=compiled Java code, j=interpreted, Vv=VM code, C=native code)
V  [jvm.dll+0x3169ba]
V  [jvm.dll+0x2674c3]
V  [jvm.dll+0x268103]
V  [jvm.dll+0x25f8f5]
V  [jvm.dll+0xbf025]
V  [jvm.dll+0xbf4cc]
V  [jvm.dll+0x495871]
V  [jvm.dll+0x446b6d]
V  [jvm.dll+0x451bce]
V  [jvm.dll+0x4541b8]
V  [jvm.dll+0x437c62]
V  [jvm.dll+0x988e2]
V  [jvm.dll+0x990d3]
V  [jvm.dll+0x22c194]
V  [jvm.dll+0x28576a]
C  [msvcr100.dll+0x21d9f]
C  [msvcr100.dll+0x21e3b]
C  [KERNEL32.DLL+0x18102]
C  [ntdll.dll+0x5c5b4]


Current CompileTask:
C2:   4312 1515       4       com.android.dx.cf.code.Simulator$SimVisitor::visitNoArgs (2108 bytes)


---------------  P R O C E S S  ---------------

Java Threads: ( => current thread )
  0x000000001736a800 JavaThread "pool-2-thread-4" [_thread_in_Java, id=38348, stack(0x0000000018170000,0x0000000018270000)]
  0x00000000173aa800 JavaThread "pool-2-thread-3" [_thread_in_Java, id=37720, stack(0x0000000018070000,0x0000000018170000)]
  0x000000001728e000 JavaThread "pool-3-thread-1" [_thread_blocked, id=33228, stack(0x0000000017e70000,0x0000000017f70000)]
  0x000000001728c000 JavaThread "pool-2-thread-1" [_thread_blocked, id=41128, stack(0x0000000017d70000,0x0000000017e70000)]
  0x0000000017252000 JavaThread "Service Thread" daemon [_thread_blocked, id=2396, stack(0x0000000017b70000,0x0000000017c70000)]
  0x000000001724a000 JavaThread "C1 CompilerThread3" daemon [_thread_blocked, id=40072, stack(0x0000000017a70000,0x0000000017b70000)]
  0x0000000017247800 JavaThread "C2 CompilerThread2" daemon [_thread_in_native, id=23272, stack(0x0000000017970000,0x0000000017a70000)]
  0x0000000017245800 JavaThread "C2 CompilerThread1" daemon [_thread_in_native, id=42640, stack(0x0000000017870000,0x0000000017970000)]
=>0x00000000171f1800 JavaThread "C2 CompilerThread0" daemon [_thread_in_native, id=38896, stack(0x0000000017770000,0x0000000017870000)]
  0x00000000171a5800 JavaThread "Attach Listener" daemon [_thread_blocked, id=43228, stack(0x0000000017670000,0x0000000017770000)]
  0x00000000171a4800 JavaThread "Signal Dispatcher" daemon [_thread_blocked, id=41556, stack(0x0000000017570000,0x0000000017670000)]
  0x0000000002642800 JavaThread "Finalizer" daemon [_thread_blocked, id=17612, stack(0x0000000017070000,0x0000000017170000)]
  0x0000000002641800 JavaThread "Reference Handler" daemon [_thread_blocked, id=42512, stack(0x0000000016f70000,0x0000000017070000)]
  0x0000000002550800 JavaThread "main" [_thread_blocked, id=43020, stack(0x0000000001f20000,0x0000000002020000)]

Other Threads:
  0x0000000015168800 VMThread [stack: 0x0000000016e70000,0x0000000016f70000] [id=7468]
  0x0000000017256800 WatcherThread [stack: 0x0000000017c70000,0x0000000017d70000] [id=43768]

VM state:not at safepoint (normal execution)

VM Mutex/Monitor currently owned by a thread: None

Heap:
 PSYoungGen      total 71680K, used 50549K [0x00000000eab00000, 0x00000000f3700000, 0x0000000100000000)
  eden space 66560K, 68% used [0x00000000eab00000,0x00000000ed762078,0x00000000eec00000)
  from space 5120K, 99% used [0x00000000eec00000,0x00000000ef0fb720,0x00000000ef100000)
  to   space 5120K, 0% used [0x00000000f3200000,0x00000000f3200000,0x00000000f3700000)
 ParOldGen       total 87552K, used 39132K [0x00000000c0000000, 0x00000000c5580000, 0x00000000eab00000)
  object space 87552K, 44% used [0x00000000c0000000,0x00000000c26371e8,0x00000000c5580000)
 Metaspace       used 5976K, capacity 6960K, committed 7040K, reserved 1056768K
  class space    used 592K, capacity 616K, committed 640K, reserved 1048576K

Card table byte_map: [0x0000000011a10000,0x0000000011c20000] byte_map_base: 0x0000000011410000

Marking Bits: (ParMarkBitMap*) 0x0000000060a3d4f0
 Begin Bits: [0x0000000012580000, 0x0000000013580000)
 End Bits:   [0x0000000013580000, 0x0000000014580000)

Polling page: 0x0000000000790000

CodeCache: size=245760Kb used=6281Kb max_used=6296Kb free=239478Kb
 bounds [0x0000000002650000, 0x0000000002c80000, 0x0000000011650000]
 total_blobs=1729 nmethods=1463 adapters=180
 compilation: enabled

Compilation events (10 events):
Event: 4.214 Thread 0x0000000017245800 nmethod 1524 0x0000000002c70a50 code [0x0000000002c70be0, 0x0000000002c71168]
Event: 4.214 Thread 0x0000000017245800 1526       4       com.android.dx.ssa.Dominators::compress (229 bytes)
Event: 4.232 Thread 0x000000001724a000 1528 %     3       com.android.dx.ssa.DomFront::run @ 170 (264 bytes)
Event: 4.235 Thread 0x000000001724a000 nmethod 1528% 0x0000000002c71690 code [0x0000000002c71c20, 0x0000000002c75558]
Event: 4.235 Thread 0x000000001724a000 1529       3       com.android.dx.util.ListIntSet::has (17 bytes)
Event: 4.236 Thread 0x000000001724a000 nmethod 1529 0x0000000002c324d0 code [0x0000000002c32640, 0x0000000002c329e8]
Event: 4.236 Thread 0x000000001724a000 1530       3       com.android.dx.util.ListIntSet::add (26 bytes)
Event: 4.236 Thread 0x000000001724a000 nmethod 1530 0x0000000002c704d0 code [0x0000000002c70640, 0x0000000002c70958]
Event: 4.236 Thread 0x000000001724a000 1531       3       com.android.dx.util.IntList::insert (115 bytes)
Event: 4.236 Thread 0x000000001724a000 nmethod 1531 0x0000000002c6fc10 code [0x0000000002c6fdc0, 0x0000000002c702e8]

GC Heap History (6 events):
Event: 2.396 GC heap before
{Heap before GC invocations=1 (full 0):
 PSYoungGen      total 38400K, used 33280K [0x00000000eab00000, 0x00000000ed580000, 0x0000000100000000)
  eden space 33280K, 100% used [0x00000000eab00000,0x00000000ecb80000,0x00000000ecb80000)
  from space 5120K, 0% used [0x00000000ed080000,0x00000000ed080000,0x00000000ed580000)
  to   space 5120K, 0% used [0x00000000ecb80000,0x00000000ecb80000,0x00000000ed080000)
 ParOldGen       total 87552K, used 0K [0x00000000c0000000, 0x00000000c5580000, 0x00000000eab00000)
  object space 87552K, 0% used [0x00000000c0000000,0x00000000c0000000,0x00000000c5580000)
 Metaspace       used 5811K, capacity 6832K, committed 7040K, reserved 1056768K
  class space    used 587K, capacity 616K, committed 640K, reserved 1048576K
Event: 2.466 GC heap after
Heap after GC invocations=1 (full 0):
 PSYoungGen      total 38400K, used 5101K [0x00000000eab00000, 0x00000000ef600000, 0x0000000100000000)
  eden space 33280K, 0% used [0x00000000eab00000,0x00000000eab00000,0x00000000ecb80000)
  from space 5120K, 99% used [0x00000000ecb80000,0x00000000ed07b430,0x00000000ed080000)
  to   space 5120K, 0% used [0x00000000ef100000,0x00000000ef100000,0x00000000ef600000)
 ParOldGen       total 87552K, used 3626K [0x00000000c0000000, 0x00000000c5580000, 0x00000000eab00000)
  object space 87552K, 4% used [0x00000000c0000000,0x00000000c038aab8,0x00000000c5580000)
 Metaspace       used 5811K, capacity 6832K, committed 7040K, reserved 1056768K
  class space    used 587K, capacity 616K, committed 640K, reserved 1048576K
}
Event: 3.003 GC heap before
{Heap before GC invocations=2 (full 0):
 PSYoungGen      total 38400K, used 38381K [0x00000000eab00000, 0x00000000ef600000, 0x0000000100000000)
  eden space 33280K, 100% used [0x00000000eab00000,0x00000000ecb80000,0x00000000ecb80000)
  from space 5120K, 99% used [0x00000000ecb80000,0x00000000ed07b430,0x00000000ed080000)
  to   space 5120K, 0% used [0x00000000ef100000,0x00000000ef100000,0x00000000ef600000)
 ParOldGen       total 87552K, used 3626K [0x00000000c0000000, 0x00000000c5580000, 0x00000000eab00000)
  object space 87552K, 4% used [0x00000000c0000000,0x00000000c038aab8,0x00000000c5580000)
 Metaspace       used 5866K, capacity 6896K, committed 7040K, reserved 1056768K
  class space    used 589K, capacity 616K, committed 640K, reserved 1048576K
Event: 3.107 GC heap after
Heap after GC invocations=2 (full 0):
 PSYoungGen      total 71680K, used 5101K [0x00000000eab00000, 0x00000000ef600000, 0x0000000100000000)
  eden space 66560K, 0% used [0x00000000eab00000,0x00000000eab00000,0x00000000eec00000)
  from space 5120K, 99% used [0x00000000ef100000,0x00000000ef5fb720,0x00000000ef600000)
  to   space 5120K, 0% used [0x00000000eec00000,0x00000000eec00000,0x00000000ef100000)
 ParOldGen       total 87552K, used 14525K [0x00000000c0000000, 0x00000000c5580000, 0x00000000eab00000)
  object space 87552K, 16% used [0x00000000c0000000,0x00000000c0e2f5e0,0x00000000c5580000)
 Metaspace       used 5866K, capacity 6896K, committed 7040K, reserved 1056768K
  class space    used 589K, capacity 616K, committed 640K, reserved 1048576K
}
Event: 3.925 GC heap before
{Heap before GC invocations=3 (full 0):
 PSYoungGen      total 71680K, used 71661K [0x00000000eab00000, 0x00000000ef600000, 0x0000000100000000)
  eden space 66560K, 100% used [0x00000000eab00000,0x00000000eec00000,0x00000000eec00000)
  from space 5120K, 99% used [0x00000000ef100000,0x00000000ef5fb720,0x00000000ef600000)
  to   space 5120K, 0% used [0x00000000eec00000,0x00000000eec00000,0x00000000ef100000)
 ParOldGen       total 87552K, used 14525K [0x00000000c0000000, 0x00000000c5580000, 0x00000000eab00000)
  object space 87552K, 16% used [0x00000000c0000000,0x00000000c0e2f5e0,0x00000000c5580000)
 Metaspace       used 5975K, capacity 6960K, committed 7040K, reserved 1056768K
  class space    used 592K, capacity 616K, committed 640K, reserved 1048576K
Event: 4.050 GC heap after
Heap after GC invocations=3 (full 0):
 PSYoungGen      total 71680K, used 5101K [0x00000000eab00000, 0x00000000f3700000, 0x0000000100000000)
  eden space 66560K, 0% used [0x00000000eab00000,0x00000000eab00000,0x00000000eec00000)
  from space 5120K, 99% used [0x00000000eec00000,0x00000000ef0fb720,0x00000000ef100000)
  to   space 5120K, 0% used [0x00000000f3200000,0x00000000f3200000,0x00000000f3700000)
 ParOldGen       total 87552K, used 39132K [0x00000000c0000000, 0x00000000c5580000, 0x00000000eab00000)
  object space 87552K, 44% used [0x00000000c0000000,0x00000000c26371e8,0x00000000c5580000)
 Metaspace       used 5975K, capacity 6960K, committed 7040K, reserved 1056768K
  class space    used 592K, capacity 616K, committed 640K, reserved 1048576K
}

Deoptimization events (10 events):
Event: 2.598 Thread 0x0000000017369000 Uncommon trap: reason=class_check action=maybe_recompile pc=0x0000000002a6f964 method=com.android.dx.ssa.NormalSsaInsn.accept(Lcom/android/dx/ssa/SsaInsn$Visitor;)V @ 9
Event: 2.598 Thread 0x0000000017369000 Uncommon trap: reason=class_check action=maybe_recompile pc=0x0000000002a6f964 method=com.android.dx.ssa.NormalSsaInsn.accept(Lcom/android/dx/ssa/SsaInsn$Visitor;)V @ 9
Event: 2.707 Thread 0x0000000017369000 Uncommon trap: reason=class_check action=maybe_recompile pc=0x0000000002a7b364 method=com.android.dx.cf.code.BytecodeArray.parseInstruction(ILcom/android/dx/cf/code/BytecodeArray$Visitor;)I @ 1867
Event: 2.707 Thread 0x0000000017369000 Uncommon trap: reason=class_check action=maybe_recompile pc=0x0000000002a7ae70 method=com.android.dx.cf.code.BytecodeArray.parseInstruction(ILcom/android/dx/cf/code/BytecodeArray$Visitor;)I @ 1477
Event: 2.707 Thread 0x0000000017369000 Uncommon trap: reason=class_check action=maybe_recompile pc=0x0000000002a7b364 method=com.android.dx.cf.code.BytecodeArray.parseInstruction(ILcom/android/dx/cf/code/BytecodeArray$Visitor;)I @ 1867
Event: 2.707 Thread 0x0000000017369000 Uncommon trap: reason=class_check action=maybe_recompile pc=0x0000000002a7ae70 method=com.android.dx.cf.code.BytecodeArray.parseInstruction(ILcom/android/dx/cf/code/BytecodeArray$Visitor;)I @ 1477
Event: 2.824 Thread 0x0000000017369000 Uncommon trap: reason=class_check action=maybe_recompile pc=0x0000000002b148c0 method=com.android.dx.cf.code.BaseMachine.getLocalTarget(Z)Lcom/android/dx/rop/code/RegisterSpec; @ 70
Event: 2.824 Thread 0x0000000017369000 Uncommon trap: reason=unreached action=reinterpret pc=0x0000000002b14f8c method=com.android.dx.cf.code.BaseMachine.getLocalTarget(Z)Lcom/android/dx/rop/code/RegisterSpec; @ 131
Event: 2.824 Thread 0x0000000017369000 Uncommon trap: reason=unreached action=reinterpret pc=0x0000000002a96d7c method=com.android.dx.cf.code.BaseMachine.getLocalTarget(Z)Lcom/android/dx/rop/code/RegisterSpec; @ 131
Event: 3.743 Thread 0x0000000017369000 Uncommon trap: reason=unreached action=reinterpret pc=0x00000000027c80dc method=com.android.dx.rop.cst.Constant.compareTo(Lcom/android/dx/rop/cst/Constant;)I @ 12

Internal exceptions (10 events):
Event: 2.199 Thread 0x0000000002550800 Exception <a 'java/security/PrivilegedActionException'> (0x00000000ec2844a0) thrown at [C:\workspace\8-2-build-windows-amd64-cygwin\jdk8u31\2394\hotspot\src\share\vm\prims\jvm.cpp, line 1312]
Event: 2.253 Thread 0x0000000017369000 Exception <a 'java/security/PrivilegedActionException'> (0x00000000ec003ce0) thrown at [C:\workspace\8-2-build-windows-amd64-cygwin\jdk8u31\2394\hotspot\src\share\vm\prims\jvm.cpp, line 1312]
Event: 2.256 Thread 0x000000001736a800 Implicit null exception at 0x00000000028f0234 to 0x00000000028f19b5
Event: 2.265 Thread 0x000000001736a800 Exception <a 'java/security/PrivilegedActionException'> (0x00000000ec3dbfd8) thrown at [C:\workspace\8-2-build-windows-amd64-cygwin\jdk8u31\2394\hotspot\src\share\vm\prims\jvm.cpp, line 1312]
Event: 2.269 Thread 0x0000000002550800 Exception <a 'java/security/PrivilegedActionException'> (0x00000000ec48ff28) thrown at [C:\workspace\8-2-build-windows-amd64-cygwin\jdk8u31\2394\hotspot\src\share\vm\prims\jvm.cpp, line 1312]
Event: 2.270 Thread 0x0000000002550800 Exception <a 'java/security/PrivilegedActionException'> (0x00000000ec49a1d8) thrown at [C:\workspace\8-2-build-windows-amd64-cygwin\jdk8u31\2394\hotspot\src\share\vm\prims\jvm.cpp, line 1312]
Event: 2.271 Thread 0x0000000002550800 Exception <a 'java/security/PrivilegedActionException'> (0x00000000ec49c8b8) thrown at [C:\workspace\8-2-build-windows-amd64-cygwin\jdk8u31\2394\hotspot\src\share\vm\prims\jvm.cpp, line 1312]
Event: 3.203 Thread 0x0000000017369000 Exception <a 'java/security/PrivilegedActionException'> (0x00000000eb054fe8) thrown at [C:\workspace\8-2-build-windows-amd64-cygwin\jdk8u31\2394\hotspot\src\share\vm\prims\jvm.cpp, line 1312]
Event: 3.361 Thread 0x0000000017369000 Exception <a 'java/security/PrivilegedActionException'> (0x00000000ebb0e4b8) thrown at [C:\workspace\8-2-build-windows-amd64-cygwin\jdk8u31\2394\hotspot\src\share\vm\prims\jvm.cpp, line 1312]
Event: 4.246 Thread 0x00000000173aa800 Exception <a 'java/security/PrivilegedActionException'> (0x00000000ed2c51b0) thrown at [C:\workspace\8-2-build-windows-amd64-cygwin\jdk8u31\2394\hotspot\src\share\vm\prims\jvm.cpp, line 1312]

Events (10 events):
Event: 4.084 Thread 0x000000001728c000 DEOPT PACKING pc=0x0000000002b61d2d sp=0x0000000017e6ef40
Event: 4.084 Thread 0x000000001728c000 DEOPT UNPACKING pc=0x00000000026975bf sp=0x0000000017e6ed28 mode 0
Event: 4.114 Thread 0x000000001728c000 DEOPT PACKING pc=0x0000000002c122f3 sp=0x0000000017e6ef30
Event: 4.114 Thread 0x000000001728c000 DEOPT UNPACKING pc=0x00000000026975bf sp=0x0000000017e6eca0 mode 0
Event: 4.160 Thread 0x00000000173aa800 DEOPT PACKING pc=0x0000000002aa0735 sp=0x000000001816e8f0
Event: 4.160 Thread 0x00000000173aa800 DEOPT UNPACKING pc=0x00000000026975bf sp=0x000000001816e5d0 mode 0
Event: 4.182 Thread 0x00000000173aa800 DEOPT PACKING pc=0x0000000002b8f8ab sp=0x000000001816e890
Event: 4.182 Thread 0x00000000173aa800 DEOPT UNPACKING pc=0x00000000026975bf sp=0x000000001816e5c0 mode 0
Event: 4.246 loading class com/android/dx/rop/code/RegisterSpec$1
Event: 4.246 loading class com/android/dx/rop/code/RegisterSpec$1 done


Dynamic libraries:
0x00007ff6aefa0000 - 0x00007ff6aefd4000 	C:\Program Files\Java\jdk1.8.0_31\bin\java.exe
0x00007ffe4b830000 - 0x00007ffe4b9f1000 	C:\WINDOWS\SYSTEM32\ntdll.dll
0x00007ffe48f00000 - 0x00007ffe48fad000 	C:\WINDOWS\system32\KERNEL32.DLL
0x00007ffe47d70000 - 0x00007ffe47f58000 	C:\WINDOWS\system32\KERNELBASE.dll
0x00007ffe48e30000 - 0x00007ffe48ed7000 	C:\WINDOWS\system32\ADVAPI32.dll
0x00007ffe49ca0000 - 0x00007ffe49d3d000 	C:\WINDOWS\system32\msvcrt.dll
0x00007ffe4b7d0000 - 0x00007ffe4b82b000 	C:\WINDOWS\system32\sechost.dll
0x00007ffe48ad0000 - 0x00007ffe48bec000 	C:\WINDOWS\system32\RPCRT4.dll
0x00007ffe49b40000 - 0x00007ffe49c96000 	C:\WINDOWS\system32\USER32.dll
0x00007ffe48ca0000 - 0x00007ffe48e26000 	C:\WINDOWS\system32\GDI32.dll
0x00007ffe44170000 - 0x00007ffe443e4000 	C:\WINDOWS\WinSxS\amd64_microsoft.windows.common-controls_6595b64144ccf1df_6.0.10586.0_none_8c15ae12515e1c22\COMCTL32.dll
0x00007ffe49d40000 - 0x00007ffe49fbd000 	C:\WINDOWS\system32\combase.dll
0x00007ffe487e0000 - 0x00007ffe4884a000 	C:\WINDOWS\system32\bcryptPrimitives.dll
0x00007ffe48c50000 - 0x00007ffe48c8b000 	C:\WINDOWS\system32\IMM32.DLL
0x000000005f420000 - 0x000000005f4f2000 	C:\Program Files\Java\jdk1.8.0_31\jre\bin\msvcr100.dll
0x0000000060260000 - 0x0000000060aba000 	C:\Program Files\Java\jdk1.8.0_31\jre\bin\server\jvm.dll
0x00007ffe47c90000 - 0x00007ffe47cb3000 	C:\WINDOWS\system32\WINMM.dll
0x00007ffe47c20000 - 0x00007ffe47c4c000 	C:\WINDOWS\system32\WINMMBASE.dll
0x00007ffe47cc0000 - 0x00007ffe47d03000 	C:\WINDOWS\system32\cfgmgr32.dll
0x00007ffe493b0000 - 0x00007ffe493b8000 	C:\WINDOWS\system32\PSAPI.DLL
0x00007ffe44750000 - 0x00007ffe44759000 	C:\WINDOWS\SYSTEM32\WSOCK32.dll
0x00007ffe493c0000 - 0x00007ffe4942b000 	C:\WINDOWS\system32\WS2_32.dll
0x0000000061150000 - 0x000000006115f000 	C:\Program Files\Java\jdk1.8.0_31\jre\bin\verify.dll
0x0000000061120000 - 0x0000000061148000 	C:\Program Files\Java\jdk1.8.0_31\jre\bin\java.dll
0x0000000061100000 - 0x0000000061116000 	C:\Program Files\Java\jdk1.8.0_31\jre\bin\zip.dll
0x00007ffe49fc0000 - 0x00007ffe4b51c000 	C:\WINDOWS\system32\SHELL32.dll
0x00007ffe47f70000 - 0x00007ffe485b4000 	C:\WINDOWS\system32\windows.storage.dll
0x00007ffe48bf0000 - 0x00007ffe48c42000 	C:\WINDOWS\system32\shlwapi.dll
0x00007ffe47c70000 - 0x00007ffe47c7f000 	C:\WINDOWS\system32\kernel.appcore.dll
0x00007ffe48850000 - 0x00007ffe48905000 	C:\WINDOWS\system32\shcore.dll
0x00007ffe48790000 - 0x00007ffe487db000 	C:\WINDOWS\system32\powrprof.dll
0x00007ffe47c50000 - 0x00007ffe47c64000 	C:\WINDOWS\system32\profapi.dll
0x00007ffe22500000 - 0x00007ffe2268c000 	C:\WINDOWS\SYSTEM32\dbghelp.dll

VM Arguments:
jvm_args: -Djava.awt.headless=true -Xmx1024M -Dfile.encoding=GBK -Duser.country=CN -Duser.language=zh -Duser.variant 
java_command: com.android.dx.command.Main --dex --force-jumbo --num-threads=4 --multi-dex --output C:\Users\Administrator\Desktop\Android_learn\Birthdays\app\build\intermediates\transforms\dex\debug\folders\1000\5\slice_5 C:\Users\Administrator\Desktop\Android_learn\Birthdays\app\build\intermediates\transforms\instantRunSlicer\debug\folders\1\5\slice_5
java_class_path (initial): E:\Users\Administrator\AppData\Local\build-tools\23.0.3\lib\dx.jar
Launcher Type: SUN_STANDARD

Environment Variables:
PATH=C:\ProgramData\Oracle\Java\javapath;C:\WINDOWS\system32;C:\WINDOWS;C:\WINDOWS\System32\Wbem;C:\WINDOWS\System32\WindowsPowerShell\v1.0\;C:\Program Files (x86)\NVIDIA Corporation\PhysX\Common
USERNAME=Administrator
OS=Windows_NT
PROCESSOR_IDENTIFIER=Intel64 Family 6 Model 60 Stepping 3, GenuineIntel



---------------  S Y S T E M  ---------------

OS: Windows 8.1 , 64 bit Build 9600 

CPU:total 8 (4 cores per cpu, 2 threads per core) family 6 model 60 stepping 3, cmov, cx8, fxsr, mmx, sse, sse2, sse3, ssse3, sse4.1, sse4.2, popcnt, avx, avx2, aes, clmul, erms, lzcnt, ht, tsc, tscinvbit, bmi1, bmi2

Memory: 4k page, physical 8269952k(353700k free), swap 16030404k(10980k free)

vm_info: Java HotSpot(TM) 64-Bit Server VM (25.31-b07) for windows-amd64 JRE (1.8.0_31-b13), built on Dec 17 2014 21:00:28 by "java_re" with MS VC++ 10.0 (VS2010)

time: Mon May 23 22:24:39 2016
elapsed time: 4 seconds (0d 0h 0m 4s)

