#
# There is insufficient memory for the Java Runtime Environment to continue.
# Native memory allocation (malloc) failed to allocate 1048576 bytes for AllocateHeap
# Possible reasons:
#   The system is out of physical RAM or swap space
#   In 32 bit mode, the process size limit was hit
# Possible solutions:
#   Reduce memory load on the system
#   Increase physical memory or swap space
#   Check if swap backing store is full
#   Use 64 bit Java on a 64 bit OS
#   Decrease Java heap size (-Xmx/-Xms)
#   Decrease number of Java threads
#   Decrease Java thread stack sizes (-Xss)
#   Set larger code cache with -XX:ReservedCodeCacheSize=
# This output file may be truncated or incomplete.
#
#  Out of Memory Error (memory/allocation.inline.hpp:62), pid=5452, tid=44796
#
# JRE version:  (8.0_31-b13) (build )
# Java VM: Java HotSpot(TM) 64-Bit Server VM (25.31-b07 mixed mode windows-amd64 compressed oops)
# Failed to write core dump. Minidumps are not enabled by default on client versions of Windows
#

---------------  T H R E A D  ---------------

Current thread (0x0000000002560800):  JavaThread "Unknown thread" [_thread_in_vm, id=44796, stack(0x0000000002420000,0x0000000002520000)]

Stack: [0x0000000002420000,0x0000000002520000]
Native frames: (J=compiled Java code, j=interpreted, Vv=VM code, C=native code)
V  [jvm.dll+0x3169ba]


---------------  P R O C E S S  ---------------

Java Threads: ( => current thread )

Other Threads:

=>0x0000000002560800 (exited) JavaThread "Unknown thread" [_thread_in_vm, id=44796, stack(0x0000000002420000,0x0000000002520000)]

VM state:not at safepoint (normal execution)

VM Mutex/Monitor currently owned by a thread: None

Heap:
 PSYoungGen      total 38400K, used 665K [0x00000000eab00000, 0x00000000ed580000, 0x0000000100000000)
  eden space 33280K, 2% used [0x00000000eab00000,0x00000000eaba6670,0x00000000ecb80000)
  from space 5120K, 0% used [0x00000000ed080000,0x00000000ed080000,0x00000000ed580000)
  to   space 5120K, 0% used [0x00000000ecb80000,0x00000000ecb80000,0x00000000ed080000)
 ParOldGen       total 87552K, used 0K [0x00000000c0000000, 0x00000000c5580000, 0x00000000eab00000)
  object space 87552K, 0% used [0x00000000c0000000,0x00000000c0000000,0x00000000c5580000)
 Metaspace       used 677K, capacity 4480K, committed 4480K, reserved 1056768K
  class space    used 67K, capacity 384K, committed 384K, reserved 1048576K

Card table byte_map: [0x0000000011a20000,0x0000000011c30000] byte_map_base: 0x0000000011420000

Marking Bits: (ParMarkBitMap*) 0x00000000600cd4f0
 Begin Bits: [0x0000000012590000, 0x0000000013590000)
 End Bits:   [0x0000000013590000, 0x0000000014590000)

Polling page: 0x0000000000890000

CodeCache: size=245760Kb used=327Kb max_used=327Kb free=245432Kb
 bounds [0x0000000002660000, 0x00000000028d0000, 0x0000000011660000]
 total_blobs=56 nmethods=0 adapters=37
 compilation: enabled

Compilation events (0 events):
No events

GC Heap History (0 events):
No events

Deoptimization events (0 events):
No events

Internal exceptions (0 events):
No events

Events (10 events):
Event: 0.038 loading class java/lang/Short
Event: 0.038 loading class java/lang/Short done
Event: 0.038 loading class java/lang/Integer
Event: 0.044 loading class java/lang/Integer done
Event: 0.044 loading class java/lang/Long
Event: 0.045 loading class java/lang/Long done
Event: 0.046 loading class java/lang/NullPointerException
Event: 0.046 loading class java/lang/NullPointerException done
Event: 0.046 loading class java/lang/ArithmeticException
Event: 0.046 loading class java/lang/ArithmeticException done


Dynamic libraries:
0x00007ff75c260000 - 0x00007ff75c294000 	C:\Program Files\Java\jdk1.8.0_31\bin\java.exe
0x00007ffe4b830000 - 0x00007ffe4b9f1000 	C:\WINDOWS\SYSTEM32\ntdll.dll
0x00007ffe48f00000 - 0x00007ffe48fad000 	C:\WINDOWS\system32\KERNEL32.DLL
0x00007ffe47d70000 - 0x00007ffe47f58000 	C:\WINDOWS\system32\KERNELBASE.dll
0x00007ffe48e30000 - 0x00007ffe48ed7000 	C:\WINDOWS\system32\ADVAPI32.dll
0x00007ffe49ca0000 - 0x00007ffe49d3d000 	C:\WINDOWS\system32\msvcrt.dll
0x00007ffe4b7d0000 - 0x00007ffe4b82b000 	C:\WINDOWS\system32\sechost.dll
0x00007ffe48ad0000 - 0x00007ffe48bec000 	C:\WINDOWS\system32\RPCRT4.dll
0x00007ffe49b40000 - 0x00007ffe49c96000 	C:\WINDOWS\system32\USER32.dll
0x00007ffe48ca0000 - 0x00007ffe48e26000 	C:\WINDOWS\system32\GDI32.dll
0x00007ffe3e010000 - 0x00007ffe3e284000 	C:\WINDOWS\WinSxS\amd64_microsoft.windows.common-controls_6595b64144ccf1df_6.0.10586.0_none_8c15ae12515e1c22\COMCTL32.dll
0x00007ffe49d40000 - 0x00007ffe49fbd000 	C:\WINDOWS\system32\combase.dll
0x00007ffe487e0000 - 0x00007ffe4884a000 	C:\WINDOWS\system32\bcryptPrimitives.dll
0x00007ffe48c50000 - 0x00007ffe48c8b000 	C:\WINDOWS\system32\IMM32.DLL
0x000000005d380000 - 0x000000005d452000 	C:\Program Files\Java\jdk1.8.0_31\jre\bin\msvcr100.dll
0x000000005f8f0000 - 0x000000006014a000 	C:\Program Files\Java\jdk1.8.0_31\jre\bin\server\jvm.dll
0x00007ffe47c90000 - 0x00007ffe47cb3000 	C:\WINDOWS\system32\WINMM.dll
0x00007ffe47c20000 - 0x00007ffe47c4c000 	C:\WINDOWS\system32\WINMMBASE.dll
0x00007ffe47cc0000 - 0x00007ffe47d03000 	C:\WINDOWS\system32\cfgmgr32.dll
0x00007ffe493b0000 - 0x00007ffe493b8000 	C:\WINDOWS\system32\PSAPI.DLL
0x00007ffe43da0000 - 0x00007ffe43da9000 	C:\WINDOWS\SYSTEM32\WSOCK32.dll
0x00007ffe493c0000 - 0x00007ffe4942b000 	C:\WINDOWS\system32\WS2_32.dll
0x000000005f8e0000 - 0x000000005f8ef000 	C:\Program Files\Java\jdk1.8.0_31\jre\bin\verify.dll
0x000000005f8b0000 - 0x000000005f8d8000 	C:\Program Files\Java\jdk1.8.0_31\jre\bin\java.dll
0x000000005f890000 - 0x000000005f8a6000 	C:\Program Files\Java\jdk1.8.0_31\jre\bin\zip.dll
0x00007ffe23270000 - 0x00007ffe233fc000 	C:\WINDOWS\SYSTEM32\dbghelp.dll

VM Arguments:
jvm_args: -Djava.awt.headless=true -Xmx1024M -Dfile.encoding=GBK -Duser.country=CN -Duser.language=zh -Duser.variant 
java_command: com.android.dx.command.Main --dex --force-jumbo --num-threads=4 --multi-dex --output C:\Users\Administrator\Desktop\Android_learn\Birthdays\app\build\intermediates\transforms\dex\debug\folders\1000\10\com.android.support-support-v4-23.3.0_efbe1af5b95336163a35f3aed29717aa40a4b797 C:\Users\Administrator\Desktop\Android_learn\Birthdays\app\build\intermediates\exploded-aar\com.android.support\support-v4\23.3.0\jars\classes.jar
java_class_path (initial): E:\Users\Administrator\AppData\Local\build-tools\23.0.3\lib\dx.jar
Launcher Type: SUN_STANDARD

Environment Variables:
PATH=C:\ProgramData\Oracle\Java\javapath;C:\WINDOWS\system32;C:\WINDOWS;C:\WINDOWS\System32\Wbem;C:\WINDOWS\System32\WindowsPowerShell\v1.0\;C:\Program Files (x86)\NVIDIA Corporation\PhysX\Common
USERNAME=Administrator
OS=Windows_NT
PROCESSOR_IDENTIFIER=Intel64 Family 6 Model 60 Stepping 3, GenuineIntel



---------------  S Y S T E M  ---------------

OS: Windows 8.1 , 64 bit Build 9600 

CPU:total 8 (4 cores per cpu, 2 threads per core) family 6 model 60 stepping 3, cmov, cx8, fxsr, mmx, sse, sse2, sse3, ssse3, sse4.1, sse4.2, popcnt, avx, avx2, aes, clmul, erms, lzcnt, ht, tsc, tscinvbit, bmi1, bmi2

Memory: 4k page, physical 8269952k(733364k free), swap 16030692k(3780k free)

vm_info: Java HotSpot(TM) 64-Bit Server VM (25.31-b07) for windows-amd64 JRE (1.8.0_31-b13), built on Dec 17 2014 21:00:28 by "java_re" with MS VC++ 10.0 (VS2010)

time: Sat May 28 01:19:09 2016
elapsed time: 0 seconds (0d 0h 0m 0s)

