#
# There is insufficient memory for the Java Runtime Environment to continue.
# Native memory allocation (malloc) failed to allocate 1242576 bytes for Chunk::new
# Possible reasons:
#   The system is out of physical RAM or swap space
#   In 32 bit mode, the process size limit was hit
# Possible solutions:
#   Reduce memory load on the system
#   Increase physical memory or swap space
#   Check if swap backing store is full
#   Use 64 bit Java on a 64 bit OS
#   Decrease Java heap size (-Xmx/-Xms)
#   Decrease number of Java threads
#   Decrease Java thread stack sizes (-Xss)
#   Set larger code cache with -XX:ReservedCodeCacheSize=
# This output file may be truncated or incomplete.
#
#  Out of Memory Error (allocation.cpp:390), pid=36912, tid=30060
#
# JRE version: Java(TM) SE Runtime Environment (8.0_31-b13) (build 1.8.0_31-b13)
# Java VM: Java HotSpot(TM) 64-Bit Server VM (25.31-b07 mixed mode windows-amd64 compressed oops)
# Failed to write core dump. Minidumps are not enabled by default on client versions of Windows
#

---------------  T H R E A D  ---------------

Current thread (0x00000000171f5000):  JavaThread "C2 CompilerThread2" daemon [_thread_in_native, id=30060, stack(0x0000000017920000,0x0000000017a20000)]

Stack: [0x0000000017920000,0x0000000017a20000]
Native frames: (J=compiled Java code, j=interpreted, Vv=VM code, C=native code)
V  [jvm.dll+0x3169ba]
V  [jvm.dll+0x2674c3]
V  [jvm.dll+0x268103]
V  [jvm.dll+0x25f8f5]
V  [jvm.dll+0xbf025]
V  [jvm.dll+0xbf4cc]
V  [jvm.dll+0x45df82]
V  [jvm.dll+0x49f21f]
V  [jvm.dll+0x452daf]
V  [jvm.dll+0x454124]
V  [jvm.dll+0x437c62]
V  [jvm.dll+0x988e2]
V  [jvm.dll+0x990d3]
V  [jvm.dll+0x22c194]
V  [jvm.dll+0x28576a]
C  [msvcr100.dll+0x21d9f]
C  [msvcr100.dll+0x21e3b]
C  [KERNEL32.DLL+0x18102]
C  [ntdll.dll+0x5c5b4]


Current CompileTask:
C2:   4656 1534   !   4       com.android.dx.cf.code.Ropper::processBlock (1101 bytes)


---------------  P R O C E S S  ---------------

Java Threads: ( => current thread )
  0x00000000173ea800 JavaThread "pool-2-thread-4" [_thread_in_Java, id=20260, stack(0x0000000018120000,0x0000000018220000)]
  0x00000000173d7000 JavaThread "pool-2-thread-3" [_thread_in_vm, id=11684, stack(0x0000000018020000,0x0000000018120000)]
  0x000000001730e000 JavaThread "pool-2-thread-2" [_thread_in_Java, id=45584, stack(0x0000000017f20000,0x0000000018020000)]
  0x0000000017259000 JavaThread "pool-3-thread-1" [_thread_blocked, id=11496, stack(0x0000000017e20000,0x0000000017f20000)]
  0x0000000017235000 JavaThread "pool-2-thread-1" [_thread_in_Java, id=39020, stack(0x0000000017d20000,0x0000000017e20000)]
  0x0000000017203000 JavaThread "Service Thread" daemon [_thread_blocked, id=17488, stack(0x0000000017b20000,0x0000000017c20000)]
  0x00000000171fb000 JavaThread "C1 CompilerThread3" daemon [_thread_blocked, id=43708, stack(0x0000000017a20000,0x0000000017b20000)]
=>0x00000000171f5000 JavaThread "C2 CompilerThread2" daemon [_thread_in_native, id=30060, stack(0x0000000017920000,0x0000000017a20000)]
  0x00000000171f1000 JavaThread "C2 CompilerThread1" daemon [_thread_in_native, id=20104, stack(0x0000000017820000,0x0000000017920000)]
  0x0000000017154800 JavaThread "C2 CompilerThread0" daemon [_thread_in_native, id=12208, stack(0x0000000017720000,0x0000000017820000)]
  0x00000000171a8000 JavaThread "Attach Listener" daemon [_thread_blocked, id=24556, stack(0x0000000017620000,0x0000000017720000)]
  0x00000000171a7000 JavaThread "Signal Dispatcher" daemon [_thread_blocked, id=43264, stack(0x0000000017520000,0x0000000017620000)]
  0x0000000002601800 JavaThread "Finalizer" daemon [_thread_blocked, id=42256, stack(0x0000000017020000,0x0000000017120000)]
  0x000000001512c000 JavaThread "Reference Handler" daemon [_thread_blocked, id=45180, stack(0x0000000016f20000,0x0000000017020000)]
  0x0000000002510800 JavaThread "main" [_thread_in_Java, id=11704, stack(0x0000000002410000,0x0000000002510000)]

Other Threads:
  0x0000000015128000 VMThread [stack: 0x0000000016e20000,0x0000000016f20000] [id=36440]
  0x000000001720f800 WatcherThread [stack: 0x0000000017c20000,0x0000000017d20000] [id=29528]

VM state:not at safepoint (normal execution)

VM Mutex/Monitor currently owned by a thread: None

Heap:
 PSYoungGen      total 71680K, used 21409K [0x00000000eab00000, 0x00000000f3700000, 0x0000000100000000)
  eden space 66560K, 24% used [0x00000000eab00000,0x00000000ebaede78,0x00000000eec00000)
  from space 5120K, 99% used [0x00000000eec00000,0x00000000ef0fa7d8,0x00000000ef100000)
  to   space 5120K, 0% used [0x00000000f3200000,0x00000000f3200000,0x00000000f3700000)
 ParOldGen       total 87552K, used 34841K [0x00000000c0000000, 0x00000000c5580000, 0x00000000eab00000)
  object space 87552K, 39% used [0x00000000c0000000,0x00000000c2206430,0x00000000c5580000)
 Metaspace       used 6051K, capacity 7024K, committed 7296K, reserved 1056768K
  class space    used 594K, capacity 616K, committed 640K, reserved 1048576K

Card table byte_map: [0x00000000119d0000,0x0000000011be0000] byte_map_base: 0x00000000113d0000

Marking Bits: (ParMarkBitMap*) 0x00000000600cd4f0
 Begin Bits: [0x0000000012540000, 0x0000000013540000)
 End Bits:   [0x0000000013540000, 0x0000000014540000)

Polling page: 0x0000000001fc0000

CodeCache: size=245760Kb used=6312Kb max_used=6333Kb free=239447Kb
 bounds [0x0000000002610000, 0x0000000002c50000, 0x0000000011610000]
 total_blobs=1773 nmethods=1507 adapters=180
 compilation: enabled

Compilation events (10 events):
Event: 4.618 Thread 0x00000000171fb000 nmethod 1555 0x0000000002beb2d0 code [0x0000000002beb440, 0x0000000002beb6b0]
Event: 4.618 Thread 0x00000000171fb000 1557       2       com.android.dx.ssa.InterferenceRegisterMapper::interferes (78 bytes)
Event: 4.619 Thread 0x00000000171fb000 nmethod 1557 0x0000000002beaa10 code [0x0000000002beabc0, 0x0000000002beaf88]
Event: 4.619 Thread 0x00000000171fb000 1558       2       com.android.dx.ssa.InterferenceRegisterMapper::addInterfence (62 bytes)
Event: 4.620 Thread 0x00000000171fb000 nmethod 1558 0x0000000002c07350 code [0x0000000002c07540, 0x0000000002c07cc8]
Event: 4.620 Thread 0x00000000171fb000 1560       2       com.android.dx.ssa.back.InterferenceGraph::mergeInterferenceSet (29 bytes)
Event: 4.620 Thread 0x00000000171fb000 nmethod 1560 0x0000000002c06c10 code [0x0000000002c06da0, 0x0000000002c07088]
Event: 4.620 Thread 0x00000000171fb000 1559       2       com.android.dx.util.BitIntSet::merge (148 bytes)
Event: 4.621 Thread 0x00000000171fb000 nmethod 1559 0x0000000002c01050 code [0x0000000002c01260, 0x0000000002c01818]
Event: 4.622 Thread 0x00000000171fb000 1561       2       com.android.dx.ssa.ConstCollector$1::compare (13 bytes)

GC Heap History (6 events):
Event: 2.726 GC heap before
{Heap before GC invocations=1 (full 0):
 PSYoungGen      total 38400K, used 33280K [0x00000000eab00000, 0x00000000ed580000, 0x0000000100000000)
  eden space 33280K, 100% used [0x00000000eab00000,0x00000000ecb80000,0x00000000ecb80000)
  from space 5120K, 0% used [0x00000000ed080000,0x00000000ed080000,0x00000000ed580000)
  to   space 5120K, 0% used [0x00000000ecb80000,0x00000000ecb80000,0x00000000ed080000)
 ParOldGen       total 87552K, used 0K [0x00000000c0000000, 0x00000000c5580000, 0x00000000eab00000)
  object space 87552K, 0% used [0x00000000c0000000,0x00000000c0000000,0x00000000c5580000)
 Metaspace       used 5825K, capacity 6832K, committed 7040K, reserved 1056768K
  class space    used 585K, capacity 616K, committed 640K, reserved 1048576K
Event: 3.000 GC heap after
Heap after GC invocations=1 (full 0):
 PSYoungGen      total 38400K, used 5094K [0x00000000eab00000, 0x00000000ef600000, 0x0000000100000000)
  eden space 33280K, 0% used [0x00000000eab00000,0x00000000eab00000,0x00000000ecb80000)
  from space 5120K, 99% used [0x00000000ecb80000,0x00000000ed0799c0,0x00000000ed080000)
  to   space 5120K, 0% used [0x00000000ef100000,0x00000000ef100000,0x00000000ef600000)
 ParOldGen       total 87552K, used 2096K [0x00000000c0000000, 0x00000000c5580000, 0x00000000eab00000)
  object space 87552K, 2% used [0x00000000c0000000,0x00000000c020c300,0x00000000c5580000)
 Metaspace       used 5825K, capacity 6832K, committed 7040K, reserved 1056768K
  class space    used 585K, capacity 616K, committed 640K, reserved 1048576K
}
Event: 3.536 GC heap before
{Heap before GC invocations=2 (full 0):
 PSYoungGen      total 38400K, used 38374K [0x00000000eab00000, 0x00000000ef600000, 0x0000000100000000)
  eden space 33280K, 100% used [0x00000000eab00000,0x00000000ecb80000,0x00000000ecb80000)
  from space 5120K, 99% used [0x00000000ecb80000,0x00000000ed0799c0,0x00000000ed080000)
  to   space 5120K, 0% used [0x00000000ef100000,0x00000000ef100000,0x00000000ef600000)
 ParOldGen       total 87552K, used 2096K [0x00000000c0000000, 0x00000000c5580000, 0x00000000eab00000)
  object space 87552K, 2% used [0x00000000c0000000,0x00000000c020c300,0x00000000c5580000)
 Metaspace       used 5988K, capacity 6960K, committed 7040K, reserved 1056768K
  class space    used 591K, capacity 616K, committed 640K, reserved 1048576K
Event: 3.822 GC heap after
Heap after GC invocations=2 (full 0):
 PSYoungGen      total 71680K, used 5118K [0x00000000eab00000, 0x00000000ef600000, 0x0000000100000000)
  eden space 66560K, 0% used [0x00000000eab00000,0x00000000eab00000,0x00000000eec00000)
  from space 5120K, 99% used [0x00000000ef100000,0x00000000ef5ffb48,0x00000000ef600000)
  to   space 5120K, 0% used [0x00000000eec00000,0x00000000eec00000,0x00000000ef100000)
 ParOldGen       total 87552K, used 7781K [0x00000000c0000000, 0x00000000c5580000, 0x00000000eab00000)
  object space 87552K, 8% used [0x00000000c0000000,0x00000000c0799688,0x00000000c5580000)
 Metaspace       used 5988K, capacity 6960K, committed 7040K, reserved 1056768K
  class space    used 591K, capacity 616K, committed 640K, reserved 1048576K
}
Event: 4.395 GC heap before
{Heap before GC invocations=3 (full 0):
 PSYoungGen      total 71680K, used 71678K [0x00000000eab00000, 0x00000000ef600000, 0x0000000100000000)
  eden space 66560K, 100% used [0x00000000eab00000,0x00000000eec00000,0x00000000eec00000)
  from space 5120K, 99% used [0x00000000ef100000,0x00000000ef5ffb48,0x00000000ef600000)
  to   space 5120K, 0% used [0x00000000eec00000,0x00000000eec00000,0x00000000ef100000)
 ParOldGen       total 87552K, used 7781K [0x00000000c0000000, 0x00000000c5580000, 0x00000000eab00000)
  object space 87552K, 8% used [0x00000000c0000000,0x00000000c0799688,0x00000000c5580000)
 Metaspace       used 6032K, capacity 7024K, committed 7296K, reserved 1056768K
  class space    used 594K, capacity 616K, committed 640K, reserved 1048576K
Event: 4.607 GC heap after
Heap after GC invocations=3 (full 0):
 PSYoungGen      total 71680K, used 5097K [0x00000000eab00000, 0x00000000f3700000, 0x0000000100000000)
  eden space 66560K, 0% used [0x00000000eab00000,0x00000000eab00000,0x00000000eec00000)
  from space 5120K, 99% used [0x00000000eec00000,0x00000000ef0fa7d8,0x00000000ef100000)
  to   space 5120K, 0% used [0x00000000f3200000,0x00000000f3200000,0x00000000f3700000)
 ParOldGen       total 87552K, used 34841K [0x00000000c0000000, 0x00000000c5580000, 0x00000000eab00000)
  object space 87552K, 39% used [0x00000000c0000000,0x00000000c2206430,0x00000000c5580000)
 Metaspace       used 6032K, capacity 7024K, committed 7296K, reserved 1056768K
  class space    used 594K, capacity 616K, committed 640K, reserved 1048576K
}

Deoptimization events (10 events):
Event: 3.032 Thread 0x00000000173d7000 Uncommon trap: reason=unreached action=reinterpret pc=0x00000000029d56b4 method=com.android.dx.util.LabeledList.set(ILcom/android/dx/util/LabeledItem;)V @ 16
Event: 3.150 Thread 0x0000000002510800 Uncommon trap: reason=unloaded action=reinterpret pc=0x00000000027cfe5c method=com.android.dx.cf.cst.ConstantPoolParser.parse0(ILjava/util/BitSet;)Lcom/android/dx/rop/cst/Constant; @ 198
Event: 3.169 Thread 0x0000000002510800 Uncommon trap: reason=class_check action=maybe_recompile pc=0x00000000028bbb70 method=com.android.dx.rop.type.Type.equals(Ljava/lang/Object;)Z @ 8
Event: 3.169 Thread 0x0000000002510800 Uncommon trap: reason=class_check action=maybe_recompile pc=0x00000000028bbb70 method=com.android.dx.rop.type.Type.equals(Ljava/lang/Object;)Z @ 8
Event: 3.353 Thread 0x0000000017235000 Uncommon trap: reason=uninitialized action=reinterpret pc=0x0000000002a87d18 method=com.android.dx.cf.code.BytecodeArray.parseInstruction(ILcom/android/dx/cf/code/BytecodeArray$Visitor;)I @ 999
Event: 3.863 Thread 0x00000000173ea800 Uncommon trap: reason=unreached action=reinterpret pc=0x000000000287afdc method=com.android.dx.rop.cst.Constant.compareTo(Lcom/android/dx/rop/cst/Constant;)I @ 12
Event: 3.869 Thread 0x00000000173ea800 Uncommon trap: reason=class_check action=maybe_recompile pc=0x0000000002a18058 method=com.android.dx.ssa.NormalSsaInsn.accept(Lcom/android/dx/ssa/SsaInsn$Visitor;)V @ 9
Event: 3.869 Thread 0x00000000173ea800 Uncommon trap: reason=class_check action=maybe_recompile pc=0x000000000285bab0 method=com.android.dx.ssa.NormalSsaInsn.accept(Lcom/android/dx/ssa/SsaInsn$Visitor;)V @ 9
Event: 3.941 Thread 0x0000000002510800 Uncommon trap: reason=class_check action=maybe_recompile pc=0x0000000002a18058 method=com.android.dx.ssa.NormalSsaInsn.accept(Lcom/android/dx/ssa/SsaInsn$Visitor;)V @ 9
Event: 3.941 Thread 0x0000000002510800 Uncommon trap: reason=class_check action=maybe_recompile pc=0x000000000285bab0 method=com.android.dx.ssa.NormalSsaInsn.accept(Lcom/android/dx/ssa/SsaInsn$Visitor;)V @ 9

Internal exceptions (10 events):
Event: 3.017 Thread 0x00000000173d7000 Exception <a 'java/security/PrivilegedActionException'> (0x00000000eac20760) thrown at [C:\workspace\8-2-build-windows-amd64-cygwin\jdk8u31\2394\hotspot\src\share\vm\prims\jvm.cpp, line 1312]
Event: 3.018 Thread 0x00000000173d7000 Exception <a 'java/security/PrivilegedActionException'> (0x00000000eac261e8) thrown at [C:\workspace\8-2-build-windows-amd64-cygwin\jdk8u31\2394\hotspot\src\share\vm\prims\jvm.cpp, line 1312]
Event: 3.019 Thread 0x00000000173d7000 Exception <a 'java/security/PrivilegedActionException'> (0x00000000eac2b988) thrown at [C:\workspace\8-2-build-windows-amd64-cygwin\jdk8u31\2394\hotspot\src\share\vm\prims\jvm.cpp, line 1312]
Event: 3.027 Thread 0x00000000173d7000 Exception <a 'java/security/PrivilegedActionException'> (0x00000000eac7bcd0) thrown at [C:\workspace\8-2-build-windows-amd64-cygwin\jdk8u31\2394\hotspot\src\share\vm\prims\jvm.cpp, line 1312]
Event: 3.159 Thread 0x0000000002510800 Exception <a 'java/security/PrivilegedActionException'> (0x00000000eb572380) thrown at [C:\workspace\8-2-build-windows-amd64-cygwin\jdk8u31\2394\hotspot\src\share\vm\prims\jvm.cpp, line 1312]
Event: 3.162 Thread 0x0000000002510800 Exception <a 'java/security/PrivilegedActionException'> (0x00000000eb709980) thrown at [C:\workspace\8-2-build-windows-amd64-cygwin\jdk8u31\2394\hotspot\src\share\vm\prims\jvm.cpp, line 1312]
Event: 3.329 Thread 0x00000000173ea800 Exception <a 'java/security/PrivilegedActionException'> (0x00000000ec162b90) thrown at [C:\workspace\8-2-build-windows-amd64-cygwin\jdk8u31\2394\hotspot\src\share\vm\prims\jvm.cpp, line 1312]
Event: 4.017 Thread 0x00000000173d7000 Exception <a 'java/security/PrivilegedActionException'> (0x00000000ec3b93b0) thrown at [C:\workspace\8-2-build-windows-amd64-cygwin\jdk8u31\2394\hotspot\src\share\vm\prims\jvm.cpp, line 1312]
Event: 4.145 Thread 0x00000000173d7000 Exception <a 'java/security/PrivilegedActionException'> (0x00000000ecda6ec0) thrown at [C:\workspace\8-2-build-windows-amd64-cygwin\jdk8u31\2394\hotspot\src\share\vm\prims\jvm.cpp, line 1312]
Event: 4.619 Thread 0x000000001730e000 Exception <a 'java/security/PrivilegedActionException'> (0x00000000eabe5e30) thrown at [C:\workspace\8-2-build-windows-amd64-cygwin\jdk8u31\2394\hotspot\src\share\vm\prims\jvm.cpp, line 1312]

Events (10 events):
Event: 4.158 Thread 0x0000000017235000 DEOPT PACKING pc=0x0000000002b246a5 sp=0x0000000017e1ede0
Event: 4.158 Thread 0x0000000017235000 DEOPT UNPACKING pc=0x00000000026575bf sp=0x0000000017e1eb20 mode 0
Event: 4.162 Thread 0x0000000017235000 DEOPT PACKING pc=0x0000000002909404 sp=0x0000000017e1ed70
Event: 4.162 Thread 0x0000000017235000 DEOPT UNPACKING pc=0x00000000026575bf sp=0x0000000017e1ea88 mode 0
Event: 4.238 Thread 0x00000000173d7000 DEOPT PACKING pc=0x00000000029e04ec sp=0x000000001811ead0
Event: 4.238 Thread 0x00000000173d7000 DEOPT UNPACKING pc=0x00000000026575bf sp=0x000000001811e898 mode 0
Event: 4.392 Executing VM operation: ParallelGCFailedAllocation
Event: 4.607 Executing VM operation: ParallelGCFailedAllocation done
Event: 4.619 loading class com/android/dx/dex/file/MethodAnnotationStruct
Event: 4.619 loading class com/android/dx/dex/file/MethodAnnotationStruct done


Dynamic libraries:
0x00007ff75c260000 - 0x00007ff75c294000 	C:\Program Files\Java\jdk1.8.0_31\bin\java.exe
0x00007ffe4b830000 - 0x00007ffe4b9f1000 	C:\WINDOWS\SYSTEM32\ntdll.dll
0x00007ffe48f00000 - 0x00007ffe48fad000 	C:\WINDOWS\system32\KERNEL32.DLL
0x00007ffe47d70000 - 0x00007ffe47f58000 	C:\WINDOWS\system32\KERNELBASE.dll
0x00007ffe48e30000 - 0x00007ffe48ed7000 	C:\WINDOWS\system32\ADVAPI32.dll
0x00007ffe49ca0000 - 0x00007ffe49d3d000 	C:\WINDOWS\system32\msvcrt.dll
0x00007ffe4b7d0000 - 0x00007ffe4b82b000 	C:\WINDOWS\system32\sechost.dll
0x00007ffe48ad0000 - 0x00007ffe48bec000 	C:\WINDOWS\system32\RPCRT4.dll
0x00007ffe49b40000 - 0x00007ffe49c96000 	C:\WINDOWS\system32\USER32.dll
0x00007ffe48ca0000 - 0x00007ffe48e26000 	C:\WINDOWS\system32\GDI32.dll
0x00007ffe3e010000 - 0x00007ffe3e284000 	C:\WINDOWS\WinSxS\amd64_microsoft.windows.common-controls_6595b64144ccf1df_6.0.10586.0_none_8c15ae12515e1c22\COMCTL32.dll
0x00007ffe49d40000 - 0x00007ffe49fbd000 	C:\WINDOWS\system32\combase.dll
0x00007ffe487e0000 - 0x00007ffe4884a000 	C:\WINDOWS\system32\bcryptPrimitives.dll
0x00007ffe48c50000 - 0x00007ffe48c8b000 	C:\WINDOWS\system32\IMM32.DLL
0x000000005d380000 - 0x000000005d452000 	C:\Program Files\Java\jdk1.8.0_31\jre\bin\msvcr100.dll
0x000000005f8f0000 - 0x000000006014a000 	C:\Program Files\Java\jdk1.8.0_31\jre\bin\server\jvm.dll
0x00007ffe47c90000 - 0x00007ffe47cb3000 	C:\WINDOWS\system32\WINMM.dll
0x00007ffe47c20000 - 0x00007ffe47c4c000 	C:\WINDOWS\system32\WINMMBASE.dll
0x00007ffe47cc0000 - 0x00007ffe47d03000 	C:\WINDOWS\system32\cfgmgr32.dll
0x00007ffe493b0000 - 0x00007ffe493b8000 	C:\WINDOWS\system32\PSAPI.DLL
0x00007ffe43da0000 - 0x00007ffe43da9000 	C:\WINDOWS\SYSTEM32\WSOCK32.dll
0x00007ffe493c0000 - 0x00007ffe4942b000 	C:\WINDOWS\system32\WS2_32.dll
0x000000005f8e0000 - 0x000000005f8ef000 	C:\Program Files\Java\jdk1.8.0_31\jre\bin\verify.dll
0x000000005f8b0000 - 0x000000005f8d8000 	C:\Program Files\Java\jdk1.8.0_31\jre\bin\java.dll
0x000000005f890000 - 0x000000005f8a6000 	C:\Program Files\Java\jdk1.8.0_31\jre\bin\zip.dll
0x00007ffe49fc0000 - 0x00007ffe4b51c000 	C:\WINDOWS\system32\SHELL32.dll
0x00007ffe47f70000 - 0x00007ffe485b4000 	C:\WINDOWS\system32\windows.storage.dll
0x00007ffe48bf0000 - 0x00007ffe48c42000 	C:\WINDOWS\system32\shlwapi.dll
0x00007ffe47c70000 - 0x00007ffe47c7f000 	C:\WINDOWS\system32\kernel.appcore.dll
0x00007ffe48850000 - 0x00007ffe48905000 	C:\WINDOWS\system32\shcore.dll
0x00007ffe48790000 - 0x00007ffe487db000 	C:\WINDOWS\system32\powrprof.dll
0x00007ffe47c50000 - 0x00007ffe47c64000 	C:\WINDOWS\system32\profapi.dll
0x00007ffe23270000 - 0x00007ffe233fc000 	C:\WINDOWS\SYSTEM32\dbghelp.dll

VM Arguments:
jvm_args: -Djava.awt.headless=true -Xmx1024M -Dfile.encoding=GBK -Duser.country=CN -Duser.language=zh -Duser.variant 
java_command: com.android.dx.command.Main --dex --force-jumbo --num-threads=4 --multi-dex --output C:\Users\Administrator\Desktop\Android_learn\Birthdays\app\build\intermediates\transforms\dex\debug\folders\1000\5\slice_0 C:\Users\Administrator\Desktop\Android_learn\Birthdays\app\build\intermediates\transforms\instantRunSlicer\debug\folders\1\5\slice_0
java_class_path (initial): E:\Users\Administrator\AppData\Local\build-tools\23.0.3\lib\dx.jar
Launcher Type: SUN_STANDARD

Environment Variables:
PATH=C:\ProgramData\Oracle\Java\javapath;C:\WINDOWS\system32;C:\WINDOWS;C:\WINDOWS\System32\Wbem;C:\WINDOWS\System32\WindowsPowerShell\v1.0\;C:\Program Files (x86)\NVIDIA Corporation\PhysX\Common
USERNAME=Administrator
OS=Windows_NT
PROCESSOR_IDENTIFIER=Intel64 Family 6 Model 60 Stepping 3, GenuineIntel



---------------  S Y S T E M  ---------------

OS: Windows 8.1 , 64 bit Build 9600 

CPU:total 8 (4 cores per cpu, 2 threads per core) family 6 model 60 stepping 3, cmov, cx8, fxsr, mmx, sse, sse2, sse3, ssse3, sse4.1, sse4.2, popcnt, avx, avx2, aes, clmul, erms, lzcnt, ht, tsc, tscinvbit, bmi1, bmi2

Memory: 4k page, physical 8269952k(799320k free), swap 16030692k(120692k free)

vm_info: Java HotSpot(TM) 64-Bit Server VM (25.31-b07) for windows-amd64 JRE (1.8.0_31-b13), built on Dec 17 2014 21:00:28 by "java_re" with MS VC++ 10.0 (VS2010)

time: Sat May 28 01:18:18 2016
elapsed time: 4 seconds (0d 0h 0m 4s)

