#
# There is insufficient memory for the Java Runtime Environment to continue.
# Native memory allocation (malloc) failed to allocate 262160 bytes for Chunk::new
# Possible reasons:
#   The system is out of physical RAM or swap space
#   In 32 bit mode, the process size limit was hit
# Possible solutions:
#   Reduce memory load on the system
#   Increase physical memory or swap space
#   Check if swap backing store is full
#   Use 64 bit Java on a 64 bit OS
#   Decrease Java heap size (-Xmx/-Xms)
#   Decrease number of Java threads
#   Decrease Java thread stack sizes (-Xss)
#   Set larger code cache with -XX:ReservedCodeCacheSize=
# This output file may be truncated or incomplete.
#
#  Out of Memory Error (allocation.cpp:390), pid=3748, tid=20204
#
# JRE version: Java(TM) SE Runtime Environment (8.0_31-b13) (build 1.8.0_31-b13)
# Java VM: Java HotSpot(TM) 64-Bit Server VM (25.31-b07 mixed mode windows-amd64 compressed oops)
# Failed to write core dump. Minidumps are not enabled by default on client versions of Windows
#

---------------  T H R E A D  ---------------

Current thread (0x0000000017208800):  JavaThread "C2 CompilerThread2" daemon [_thread_in_native, id=20204, stack(0x00000000179d0000,0x0000000017ad0000)]

Stack: [0x00000000179d0000,0x0000000017ad0000]
Native frames: (J=compiled Java code, j=interpreted, Vv=VM code, C=native code)
V  [jvm.dll+0x3169ba]
V  [jvm.dll+0x2674c3]
V  [jvm.dll+0x268103]
V  [jvm.dll+0x25f8f5]
V  [jvm.dll+0xbf025]
V  [jvm.dll+0xbf4cc]
V  [jvm.dll+0xbf774]
V  [jvm.dll+0x4cfb00]
V  [jvm.dll+0x49ef1f]
V  [jvm.dll+0x452b35]
V  [jvm.dll+0x454124]
V  [jvm.dll+0x437c62]
V  [jvm.dll+0x988e2]
V  [jvm.dll+0x990d3]
V  [jvm.dll+0x22c194]
V  [jvm.dll+0x28576a]
C  [msvcr100.dll+0x21d9f]
C  [msvcr100.dll+0x21e3b]
C  [KERNEL32.DLL+0x18102]
C  [ntdll.dll+0x5c5b4]


Current CompileTask:
C2:   5411 2317       4       com.android.dx.dex.code.DalvCode::finishProcessingIfNecessary (69 bytes)


---------------  P R O C E S S  ---------------

Java Threads: ( => current thread )
  0x000000001752e800 JavaThread "pool-1-thread-1" [_thread_in_Java, id=14432, stack(0x000000001ba40000,0x000000001bb40000)]
  0x0000000017265800 JavaThread "Service Thread" daemon [_thread_blocked, id=11132, stack(0x0000000017bd0000,0x0000000017cd0000)]
  0x000000001725b000 JavaThread "C1 CompilerThread3" daemon [_thread_blocked, id=15520, stack(0x0000000017ad0000,0x0000000017bd0000)]
=>0x0000000017208800 JavaThread "C2 CompilerThread2" daemon [_thread_in_native, id=20204, stack(0x00000000179d0000,0x0000000017ad0000)]
  0x0000000017206800 JavaThread "C2 CompilerThread1" daemon [_thread_in_native, id=35340, stack(0x00000000178d0000,0x00000000179d0000)]
  0x0000000017204800 JavaThread "C2 CompilerThread0" daemon [_thread_blocked, id=8608, stack(0x00000000177d0000,0x00000000178d0000)]
  0x0000000017258000 JavaThread "Attach Listener" daemon [_thread_blocked, id=8868, stack(0x00000000176d0000,0x00000000177d0000)]
  0x0000000017257000 JavaThread "Signal Dispatcher" daemon [_thread_blocked, id=45192, stack(0x00000000175d0000,0x00000000176d0000)]
  0x00000000026d7800 JavaThread "Finalizer" daemon [_thread_blocked, id=28332, stack(0x00000000170d0000,0x00000000171d0000)]
  0x00000000151fc800 JavaThread "Reference Handler" daemon [_thread_blocked, id=11692, stack(0x0000000016fd0000,0x00000000170d0000)]
  0x00000000025e0800 JavaThread "main" [_thread_blocked, id=23236, stack(0x00000000024e0000,0x00000000025e0000)]

Other Threads:
  0x00000000151f8800 VMThread [stack: 0x0000000016ed0000,0x0000000016fd0000] [id=40532]
  0x0000000017267000 WatcherThread [stack: 0x0000000017cd0000,0x0000000017dd0000] [id=36284]

VM state:not at safepoint (normal execution)

VM Mutex/Monitor currently owned by a thread: None

Heap:
 PSYoungGen      total 138240K, used 32284K [0x00000000eab00000, 0x00000000f3700000, 0x0000000100000000)
  eden space 133120K, 20% used [0x00000000eab00000,0x00000000ec58ef10,0x00000000f2d00000)
  from space 5120K, 99% used [0x00000000f3200000,0x00000000f36f8268,0x00000000f3700000)
  to   space 5120K, 0% used [0x00000000f2d00000,0x00000000f2d00000,0x00000000f3200000)
 ParOldGen       total 87552K, used 25984K [0x00000000c0000000, 0x00000000c5580000, 0x00000000eab00000)
  object space 87552K, 29% used [0x00000000c0000000,0x00000000c1960360,0x00000000c5580000)
 Metaspace       used 6810K, capacity 7608K, committed 7936K, reserved 1056768K
  class space    used 637K, capacity 688K, committed 768K, reserved 1048576K

Card table byte_map: [0x0000000011aa0000,0x0000000011cb0000] byte_map_base: 0x00000000114a0000

Marking Bits: (ParMarkBitMap*) 0x00000000600cd4f0
 Begin Bits: [0x0000000012610000, 0x0000000013610000)
 End Bits:   [0x0000000013610000, 0x0000000014610000)

Polling page: 0x0000000001fc0000

CodeCache: size=245760Kb used=9483Kb max_used=9495Kb free=236276Kb
 bounds [0x00000000026e0000, 0x0000000003030000, 0x00000000116e0000]
 total_blobs=2563 nmethods=2295 adapters=181
 compilation: enabled

Compilation events (10 events):
Event: 5.382 Thread 0x000000001725b000 nmethod 2361 0x0000000003024510 code [0x0000000003024aa0, 0x0000000003028488]
Event: 5.382 Thread 0x000000001725b000 2362       3       com.android.dx.dex.file.FieldIdItem::getTypoidIdx (17 bytes)
Event: 5.383 Thread 0x000000001725b000 nmethod 2362 0x0000000003010950 code [0x0000000003010b00, 0x0000000003011338]
Event: 5.384 Thread 0x000000001725b000 2363       3       com.android.dx.dex.file.MethodIdItem::getMethodRef (8 bytes)
Event: 5.384 Thread 0x000000001725b000 nmethod 2363 0x0000000003024050 code [0x00000000030241c0, 0x0000000003024490]
Event: 5.385 Thread 0x0000000017204800 2364       4       com.android.dx.rop.type.Prototype::compareTo (9 bytes)
Event: 5.385 Thread 0x000000001725b000 2365       3       com.android.dx.dex.file.MethodIdItem::getTypoidIdx (17 bytes)
Event: 5.385 Thread 0x000000001725b000 nmethod 2365 0x0000000003023790 code [0x0000000003023920, 0x0000000003023ec8]
Event: 5.386 Thread 0x000000001725b000 2366       3       com.android.dx.dex.file.ProtoIdsSection::indexOf (49 bytes)
Event: 5.386 Thread 0x000000001725b000 nmethod 2366 0x0000000003022990 code [0x0000000003022b80, 0x0000000003023468]

GC Heap History (8 events):
Event: 1.119 GC heap before
{Heap before GC invocations=1 (full 0):
 PSYoungGen      total 38400K, used 33280K [0x00000000eab00000, 0x00000000ed580000, 0x0000000100000000)
  eden space 33280K, 100% used [0x00000000eab00000,0x00000000ecb80000,0x00000000ecb80000)
  from space 5120K, 0% used [0x00000000ed080000,0x00000000ed080000,0x00000000ed580000)
  to   space 5120K, 0% used [0x00000000ecb80000,0x00000000ecb80000,0x00000000ed080000)
 ParOldGen       total 87552K, used 0K [0x00000000c0000000, 0x00000000c5580000, 0x00000000eab00000)
  object space 87552K, 0% used [0x00000000c0000000,0x00000000c0000000,0x00000000c5580000)
 Metaspace       used 5933K, capacity 6896K, committed 7040K, reserved 1056768K
  class space    used 592K, capacity 616K, committed 640K, reserved 1048576K
Event: 1.168 GC heap after
Heap after GC invocations=1 (full 0):
 PSYoungGen      total 38400K, used 5103K [0x00000000eab00000, 0x00000000ef600000, 0x0000000100000000)
  eden space 33280K, 0% used [0x00000000eab00000,0x00000000eab00000,0x00000000ecb80000)
  from space 5120K, 99% used [0x00000000ecb80000,0x00000000ed07bc98,0x00000000ed080000)
  to   space 5120K, 0% used [0x00000000ef100000,0x00000000ef100000,0x00000000ef600000)
 ParOldGen       total 87552K, used 1594K [0x00000000c0000000, 0x00000000c5580000, 0x00000000eab00000)
  object space 87552K, 1% used [0x00000000c0000000,0x00000000c018e9c0,0x00000000c5580000)
 Metaspace       used 5933K, capacity 6896K, committed 7040K, reserved 1056768K
  class space    used 592K, capacity 616K, committed 640K, reserved 1048576K
}
Event: 1.562 GC heap before
{Heap before GC invocations=2 (full 0):
 PSYoungGen      total 38400K, used 38383K [0x00000000eab00000, 0x00000000ef600000, 0x0000000100000000)
  eden space 33280K, 100% used [0x00000000eab00000,0x00000000ecb80000,0x00000000ecb80000)
  from space 5120K, 99% used [0x00000000ecb80000,0x00000000ed07bc98,0x00000000ed080000)
  to   space 5120K, 0% used [0x00000000ef100000,0x00000000ef100000,0x00000000ef600000)
 ParOldGen       total 87552K, used 1594K [0x00000000c0000000, 0x00000000c5580000, 0x00000000eab00000)
  object space 87552K, 1% used [0x00000000c0000000,0x00000000c018e9c0,0x00000000c5580000)
 Metaspace       used 6139K, capacity 7088K, committed 7296K, reserved 1056768K
  class space    used 594K, capacity 616K, committed 640K, reserved 1048576K
Event: 1.634 GC heap after
Heap after GC invocations=2 (full 0):
 PSYoungGen      total 71680K, used 5112K [0x00000000eab00000, 0x00000000ef600000, 0x0000000100000000)
  eden space 66560K, 0% used [0x00000000eab00000,0x00000000eab00000,0x00000000eec00000)
  from space 5120K, 99% used [0x00000000ef100000,0x00000000ef5fe098,0x00000000ef600000)
  to   space 5120K, 0% used [0x00000000eec00000,0x00000000eec00000,0x00000000ef100000)
 ParOldGen       total 87552K, used 7032K [0x00000000c0000000, 0x00000000c5580000, 0x00000000eab00000)
  object space 87552K, 8% used [0x00000000c0000000,0x00000000c06de300,0x00000000c5580000)
 Metaspace       used 6139K, capacity 7088K, committed 7296K, reserved 1056768K
  class space    used 594K, capacity 616K, committed 640K, reserved 1048576K
}
Event: 2.332 GC heap before
{Heap before GC invocations=3 (full 0):
 PSYoungGen      total 71680K, used 71672K [0x00000000eab00000, 0x00000000ef600000, 0x0000000100000000)
  eden space 66560K, 100% used [0x00000000eab00000,0x00000000eec00000,0x00000000eec00000)
  from space 5120K, 99% used [0x00000000ef100000,0x00000000ef5fe098,0x00000000ef600000)
  to   space 5120K, 0% used [0x00000000eec00000,0x00000000eec00000,0x00000000ef100000)
 ParOldGen       total 87552K, used 7032K [0x00000000c0000000, 0x00000000c5580000, 0x00000000eab00000)
  object space 87552K, 8% used [0x00000000c0000000,0x00000000c06de300,0x00000000c5580000)
 Metaspace       used 6331K, capacity 7192K, committed 7424K, reserved 1056768K
  class space    used 616K, capacity 656K, committed 768K, reserved 1048576K
Event: 2.522 GC heap after
Heap after GC invocations=3 (full 0):
 PSYoungGen      total 71680K, used 5109K [0x00000000eab00000, 0x00000000f3700000, 0x0000000100000000)
  eden space 66560K, 0% used [0x00000000eab00000,0x00000000eab00000,0x00000000eec00000)
  from space 5120K, 99% used [0x00000000eec00000,0x00000000ef0fd518,0x00000000ef100000)
  to   space 5120K, 0% used [0x00000000f3200000,0x00000000f3200000,0x00000000f3700000)
 ParOldGen       total 87552K, used 16809K [0x00000000c0000000, 0x00000000c5580000, 0x00000000eab00000)
  object space 87552K, 19% used [0x00000000c0000000,0x00000000c106a5b0,0x00000000c5580000)
 Metaspace       used 6331K, capacity 7192K, committed 7424K, reserved 1056768K
  class space    used 616K, capacity 656K, committed 768K, reserved 1048576K
}
Event: 3.057 GC heap before
{Heap before GC invocations=4 (full 0):
 PSYoungGen      total 71680K, used 71669K [0x00000000eab00000, 0x00000000f3700000, 0x0000000100000000)
  eden space 66560K, 100% used [0x00000000eab00000,0x00000000eec00000,0x00000000eec00000)
  from space 5120K, 99% used [0x00000000eec00000,0x00000000ef0fd518,0x00000000ef100000)
  to   space 5120K, 0% used [0x00000000f3200000,0x00000000f3200000,0x00000000f3700000)
 ParOldGen       total 87552K, used 16809K [0x00000000c0000000, 0x00000000c5580000, 0x00000000eab00000)
  object space 87552K, 19% used [0x00000000c0000000,0x00000000c106a5b0,0x00000000c5580000)
 Metaspace       used 6362K, capacity 7192K, committed 7424K, reserved 1056768K
  class space    used 617K, capacity 656K, committed 768K, reserved 1048576K
Event: 3.367 GC heap after
Heap after GC invocations=4 (full 0):
 PSYoungGen      total 138240K, used 5088K [0x00000000eab00000, 0x00000000f3700000, 0x0000000100000000)
  eden space 133120K, 0% used [0x00000000eab00000,0x00000000eab00000,0x00000000f2d00000)
  from space 5120K, 99% used [0x00000000f3200000,0x00000000f36f8268,0x00000000f3700000)
  to   space 5120K, 0% used [0x00000000f2d00000,0x00000000f2d00000,0x00000000f3200000)
 ParOldGen       total 87552K, used 25984K [0x00000000c0000000, 0x00000000c5580000, 0x00000000eab00000)
  object space 87552K, 29% used [0x00000000c0000000,0x00000000c1960360,0x00000000c5580000)
 Metaspace       used 6362K, capacity 7192K, committed 7424K, reserved 1056768K
  class space    used 617K, capacity 656K, committed 768K, reserved 1048576K
}

Deoptimization events (10 events):
Event: 3.808 Thread 0x000000001752e800 Uncommon trap: reason=class_check action=maybe_recompile pc=0x0000000002b2cfa4 method=java.util.Arrays.hashCode([Ljava/lang/Object;)I @ 43
Event: 3.809 Thread 0x000000001752e800 Uncommon trap: reason=class_check action=maybe_recompile pc=0x0000000002b2cfa4 method=java.util.Arrays.hashCode([Ljava/lang/Object;)I @ 43
Event: 3.809 Thread 0x000000001752e800 Uncommon trap: reason=class_check action=maybe_recompile pc=0x0000000002b2cfa4 method=java.util.Arrays.hashCode([Ljava/lang/Object;)I @ 43
Event: 3.809 Thread 0x000000001752e800 Uncommon trap: reason=class_check action=maybe_recompile pc=0x0000000002b33b48 method=java.util.Arrays.hashCode([Ljava/lang/Object;)I @ 43
Event: 4.365 Thread 0x000000001752e800 Uncommon trap: reason=speculate_class_check action=maybe_recompile pc=0x00000000029fe768 method=com.android.dx.util.FixedSizeList.equals(Ljava/lang/Object;)Z @ 25
Event: 4.366 Thread 0x000000001752e800 Uncommon trap: reason=speculate_class_check action=maybe_recompile pc=0x00000000029fe768 method=com.android.dx.util.FixedSizeList.equals(Ljava/lang/Object;)Z @ 25
Event: 4.366 Thread 0x000000001752e800 Uncommon trap: reason=speculate_class_check action=maybe_recompile pc=0x00000000029fe768 method=com.android.dx.util.FixedSizeList.equals(Ljava/lang/Object;)Z @ 25
Event: 4.366 Thread 0x000000001752e800 Uncommon trap: reason=speculate_class_check action=maybe_recompile pc=0x00000000029fe768 method=com.android.dx.util.FixedSizeList.equals(Ljava/lang/Object;)Z @ 25
Event: 4.413 Thread 0x000000001752e800 Uncommon trap: reason=unreached action=reinterpret pc=0x0000000002ef4738 method=com.android.dx.dex.code.OutputFinisher.findOpcodeForInsn(Lcom/android/dx/dex/code/DalvInsn;Lcom/android/dx/dex/code/Dop;)Lcom/android/dx/dex/code/Dop; @ 1
Event: 5.334 Thread 0x000000001752e800 Uncommon trap: reason=unreached action=reinterpret pc=0x0000000002fdd324 method=com.android.dx.dex.file.DebugInfoEncoder.emitLocalsAtAddress(I)I @ 137

Internal exceptions (10 events):
Event: 4.365 Thread 0x000000001752e800 Exception <a 'java/security/PrivilegedActionException'> (0x00000000ebc8d6c8) thrown at [C:\workspace\8-2-build-windows-amd64-cygwin\jdk8u31\2394\hotspot\src\share\vm\prims\jvm.cpp, line 1312]
Event: 4.365 Thread 0x000000001752e800 Exception <a 'java/security/PrivilegedActionException'> (0x00000000ebc906e0) thrown at [C:\workspace\8-2-build-windows-amd64-cygwin\jdk8u31\2394\hotspot\src\share\vm\prims\jvm.cpp, line 1312]
Event: 4.366 Thread 0x000000001752e800 Exception <a 'java/security/PrivilegedActionException'> (0x00000000ebc93a60) thrown at [C:\workspace\8-2-build-windows-amd64-cygwin\jdk8u31\2394\hotspot\src\share\vm\prims\jvm.cpp, line 1312]
Event: 4.413 Thread 0x000000001752e800 Exception <a 'java/security/PrivilegedActionException'> (0x00000000ebd15c08) thrown at [C:\workspace\8-2-build-windows-amd64-cygwin\jdk8u31\2394\hotspot\src\share\vm\prims\jvm.cpp, line 1312]
Event: 4.705 Thread 0x000000001752e800 Exception <a 'java/security/PrivilegedActionException'> (0x00000000ec2424d8) thrown at [C:\workspace\8-2-build-windows-amd64-cygwin\jdk8u31\2394\hotspot\src\share\vm\prims\jvm.cpp, line 1312]
Event: 4.707 Thread 0x000000001752e800 Exception <a 'java/security/PrivilegedActionException'> (0x00000000ec24e268) thrown at [C:\workspace\8-2-build-windows-amd64-cygwin\jdk8u31\2394\hotspot\src\share\vm\prims\jvm.cpp, line 1312]
Event: 4.707 Thread 0x000000001752e800 Exception <a 'java/security/PrivilegedActionException'> (0x00000000ec250f10) thrown at [C:\workspace\8-2-build-windows-amd64-cygwin\jdk8u31\2394\hotspot\src\share\vm\prims\jvm.cpp, line 1312]
Event: 5.334 Thread 0x000000001752e800 Exception <a 'java/security/PrivilegedActionException'> (0x00000000ec4ab498) thrown at [C:\workspace\8-2-build-windows-amd64-cygwin\jdk8u31\2394\hotspot\src\share\vm\prims\jvm.cpp, line 1312]
Event: 5.356 Thread 0x000000001752e800 Exception <a 'java/security/PrivilegedActionException'> (0x00000000ec526308) thrown at [C:\workspace\8-2-build-windows-amd64-cygwin\jdk8u31\2394\hotspot\src\share\vm\prims\jvm.cpp, line 1312]
Event: 5.360 Thread 0x000000001752e800 Exception <a 'java/security/PrivilegedActionException'> (0x00000000ec52bf68) thrown at [C:\workspace\8-2-build-windows-amd64-cygwin\jdk8u31\2394\hotspot\src\share\vm\prims\jvm.cpp, line 1312]

Events (10 events):
Event: 4.707 loading class com/android/dx/dex/file/DebugInfoEncoder$2 done
Event: 5.334 Thread 0x000000001752e800 Uncommon trap: trap_request=0xffffffad fr.pc=0x0000000002fdd324
Event: 5.334 Thread 0x000000001752e800 DEOPT PACKING pc=0x0000000002fdd324 sp=0x000000001bb3eb80
Event: 5.334 Thread 0x000000001752e800 DEOPT UNPACKING pc=0x000000000272556a sp=0x000000001bb3eb70 mode 2
Event: 5.334 loading class com/android/dex/EncodedValueCodec
Event: 5.334 loading class com/android/dex/EncodedValueCodec done
Event: 5.356 loading class com/android/dx/dex/file/MapItem
Event: 5.356 loading class com/android/dx/dex/file/MapItem done
Event: 5.360 loading class com/android/dex/DexFormat
Event: 5.360 loading class com/android/dex/DexFormat done


Dynamic libraries:
0x00007ff75c260000 - 0x00007ff75c294000 	C:\Program Files\Java\jdk1.8.0_31\bin\java.exe
0x00007ffe4b830000 - 0x00007ffe4b9f1000 	C:\WINDOWS\SYSTEM32\ntdll.dll
0x00007ffe48f00000 - 0x00007ffe48fad000 	C:\WINDOWS\system32\KERNEL32.DLL
0x00007ffe47d70000 - 0x00007ffe47f58000 	C:\WINDOWS\system32\KERNELBASE.dll
0x00007ffe48e30000 - 0x00007ffe48ed7000 	C:\WINDOWS\system32\ADVAPI32.dll
0x00007ffe49ca0000 - 0x00007ffe49d3d000 	C:\WINDOWS\system32\msvcrt.dll
0x00007ffe4b7d0000 - 0x00007ffe4b82b000 	C:\WINDOWS\system32\sechost.dll
0x00007ffe48ad0000 - 0x00007ffe48bec000 	C:\WINDOWS\system32\RPCRT4.dll
0x00007ffe49b40000 - 0x00007ffe49c96000 	C:\WINDOWS\system32\USER32.dll
0x00007ffe48ca0000 - 0x00007ffe48e26000 	C:\WINDOWS\system32\GDI32.dll
0x00007ffe3e010000 - 0x00007ffe3e284000 	C:\WINDOWS\WinSxS\amd64_microsoft.windows.common-controls_6595b64144ccf1df_6.0.10586.0_none_8c15ae12515e1c22\COMCTL32.dll
0x00007ffe49d40000 - 0x00007ffe49fbd000 	C:\WINDOWS\system32\combase.dll
0x00007ffe487e0000 - 0x00007ffe4884a000 	C:\WINDOWS\system32\bcryptPrimitives.dll
0x00007ffe48c50000 - 0x00007ffe48c8b000 	C:\WINDOWS\system32\IMM32.DLL
0x000000005d380000 - 0x000000005d452000 	C:\Program Files\Java\jdk1.8.0_31\jre\bin\msvcr100.dll
0x000000005f8f0000 - 0x000000006014a000 	C:\Program Files\Java\jdk1.8.0_31\jre\bin\server\jvm.dll
0x00007ffe47c90000 - 0x00007ffe47cb3000 	C:\WINDOWS\system32\WINMM.dll
0x00007ffe47c20000 - 0x00007ffe47c4c000 	C:\WINDOWS\system32\WINMMBASE.dll
0x00007ffe47cc0000 - 0x00007ffe47d03000 	C:\WINDOWS\system32\cfgmgr32.dll
0x00007ffe493b0000 - 0x00007ffe493b8000 	C:\WINDOWS\system32\PSAPI.DLL
0x00007ffe43da0000 - 0x00007ffe43da9000 	C:\WINDOWS\SYSTEM32\WSOCK32.dll
0x00007ffe493c0000 - 0x00007ffe4942b000 	C:\WINDOWS\system32\WS2_32.dll
0x000000005f8e0000 - 0x000000005f8ef000 	C:\Program Files\Java\jdk1.8.0_31\jre\bin\verify.dll
0x000000005f8b0000 - 0x000000005f8d8000 	C:\Program Files\Java\jdk1.8.0_31\jre\bin\java.dll
0x000000005f890000 - 0x000000005f8a6000 	C:\Program Files\Java\jdk1.8.0_31\jre\bin\zip.dll
0x00007ffe49fc0000 - 0x00007ffe4b51c000 	C:\WINDOWS\system32\SHELL32.dll
0x00007ffe47f70000 - 0x00007ffe485b4000 	C:\WINDOWS\system32\windows.storage.dll
0x00007ffe48bf0000 - 0x00007ffe48c42000 	C:\WINDOWS\system32\shlwapi.dll
0x00007ffe47c70000 - 0x00007ffe47c7f000 	C:\WINDOWS\system32\kernel.appcore.dll
0x00007ffe48850000 - 0x00007ffe48905000 	C:\WINDOWS\system32\shcore.dll
0x00007ffe48790000 - 0x00007ffe487db000 	C:\WINDOWS\system32\powrprof.dll
0x00007ffe47c50000 - 0x00007ffe47c64000 	C:\WINDOWS\system32\profapi.dll
0x00007ffe23270000 - 0x00007ffe233fc000 	C:\WINDOWS\SYSTEM32\dbghelp.dll

VM Arguments:
jvm_args: -Djava.awt.headless=true -Xmx1024M -Dfile.encoding=GBK -Duser.country=CN -Duser.language=zh -Duser.variant 
java_command: com.android.dx.command.Main --dex --force-jumbo --num-threads=4 --multi-dex --output C:\Users\Administrator\Desktop\Android_learn\Birthdays\app\build\intermediates\transforms\dex\debug\folders\1000\10\com.android.support-recyclerview-v7-23.3.0_4bf2a3b0a4aaa274b0e28c4f1c1be8226f85ba31 C:\Users\Administrator\Desktop\Android_learn\Birthdays\app\build\intermediates\exploded-aar\com.android.support\recyclerview-v7\23.3.0\jars\classes.jar
java_class_path (initial): E:\Users\Administrator\AppData\Local\build-tools\23.0.3\lib\dx.jar
Launcher Type: SUN_STANDARD

Environment Variables:
PATH=C:\ProgramData\Oracle\Java\javapath;C:\WINDOWS\system32;C:\WINDOWS;C:\WINDOWS\System32\Wbem;C:\WINDOWS\System32\WindowsPowerShell\v1.0\;C:\Program Files (x86)\NVIDIA Corporation\PhysX\Common
USERNAME=Administrator
OS=Windows_NT
PROCESSOR_IDENTIFIER=Intel64 Family 6 Model 60 Stepping 3, GenuineIntel



---------------  S Y S T E M  ---------------

OS: Windows 8.1 , 64 bit Build 9600 

CPU:total 8 (4 cores per cpu, 2 threads per core) family 6 model 60 stepping 3, cmov, cx8, fxsr, mmx, sse, sse2, sse3, ssse3, sse4.1, sse4.2, popcnt, avx, avx2, aes, clmul, erms, lzcnt, ht, tsc, tscinvbit, bmi1, bmi2

Memory: 4k page, physical 8269952k(799488k free), swap 16030692k(120692k free)

vm_info: Java HotSpot(TM) 64-Bit Server VM (25.31-b07) for windows-amd64 JRE (1.8.0_31-b13), built on Dec 17 2014 21:00:28 by "java_re" with MS VC++ 10.0 (VS2010)

time: Sat May 28 01:18:18 2016
elapsed time: 5 seconds (0d 0h 0m 5s)

