#
# There is insufficient memory for the Java Runtime Environment to continue.
# Native memory allocation (malloc) failed to allocate 296656 bytes for Chunk::new
# Possible reasons:
#   The system is out of physical RAM or swap space
#   In 32 bit mode, the process size limit was hit
# Possible solutions:
#   Reduce memory load on the system
#   Increase physical memory or swap space
#   Check if swap backing store is full
#   Use 64 bit Java on a 64 bit OS
#   Decrease Java heap size (-Xmx/-Xms)
#   Decrease number of Java threads
#   Decrease Java thread stack sizes (-Xss)
#   Set larger code cache with -XX:ReservedCodeCacheSize=
# This output file may be truncated or incomplete.
#
#  Out of Memory Error (allocation.cpp:390), pid=36328, tid=43024
#
# JRE version: Java(TM) SE Runtime Environment (8.0_31-b13) (build 1.8.0_31-b13)
# Java VM: Java HotSpot(TM) 64-Bit Server VM (25.31-b07 mixed mode windows-amd64 compressed oops)
# Failed to write core dump. Minidumps are not enabled by default on client versions of Windows
#

---------------  T H R E A D  ---------------

Current thread (0x00000000170f6800):  JavaThread "C2 CompilerThread1" daemon [_thread_in_native, id=43024, stack(0x00000000177c0000,0x00000000178c0000)]

Stack: [0x00000000177c0000,0x00000000178c0000]
Native frames: (J=compiled Java code, j=interpreted, Vv=VM code, C=native code)
V  [jvm.dll+0x3169ba]
V  [jvm.dll+0x2674c3]
V  [jvm.dll+0x268103]
V  [jvm.dll+0x25f8f5]
V  [jvm.dll+0xbf025]
V  [jvm.dll+0xbf4cc]
V  [jvm.dll+0x45df82]
V  [jvm.dll+0x49f21f]
V  [jvm.dll+0x453401]
V  [jvm.dll+0x454124]
V  [jvm.dll+0x437c62]
V  [jvm.dll+0x988e2]
V  [jvm.dll+0x990d3]
V  [jvm.dll+0x22c194]
V  [jvm.dll+0x28576a]
C  [msvcr100.dll+0x21d9f]
C  [msvcr100.dll+0x21e3b]
C  [KERNEL32.DLL+0x18102]
C  [ntdll.dll+0x5c5b4]


Current CompileTask:
C2:   4298 1893   !   4       com.android.dx.rop.type.Type::intern (319 bytes)


---------------  P R O C E S S  ---------------

Java Threads: ( => current thread )
  0x00000000173a3800 JavaThread "pool-1-thread-1" [_thread_in_Java, id=38924, stack(0x000000001a960000,0x000000001aa60000)]
  0x0000000017155800 JavaThread "Service Thread" daemon [_thread_blocked, id=12020, stack(0x0000000017ac0000,0x0000000017bc0000)]
  0x000000001714b000 JavaThread "C1 CompilerThread3" daemon [_thread_in_vm, id=37352, stack(0x00000000179c0000,0x0000000017ac0000)]
  0x00000000170f8800 JavaThread "C2 CompilerThread2" daemon [_thread_in_native, id=41684, stack(0x00000000178c0000,0x00000000179c0000)]
=>0x00000000170f6800 JavaThread "C2 CompilerThread1" daemon [_thread_in_native, id=43024, stack(0x00000000177c0000,0x00000000178c0000)]
  0x00000000170f4800 JavaThread "C2 CompilerThread0" daemon [_thread_in_native, id=2916, stack(0x00000000176c0000,0x00000000177c0000)]
  0x0000000017148000 JavaThread "Attach Listener" daemon [_thread_blocked, id=42700, stack(0x00000000175c0000,0x00000000176c0000)]
  0x0000000017147000 JavaThread "Signal Dispatcher" daemon [_thread_blocked, id=7688, stack(0x00000000174c0000,0x00000000175c0000)]
  0x0000000002541800 JavaThread "Finalizer" daemon [_thread_blocked, id=11208, stack(0x0000000016fb0000,0x00000000170b0000)]
  0x000000001508c000 JavaThread "Reference Handler" daemon [_thread_blocked, id=42808, stack(0x0000000016eb0000,0x0000000016fb0000)]
  0x0000000002450800 JavaThread "main" [_thread_blocked, id=43540, stack(0x0000000002340000,0x0000000002440000)]

Other Threads:
  0x0000000015088000 VMThread [stack: 0x0000000016db0000,0x0000000016eb0000] [id=41164]
  0x0000000017197000 WatcherThread [stack: 0x0000000017bc0000,0x0000000017cc0000] [id=43984]

VM state:not at safepoint (normal execution)

VM Mutex/Monitor currently owned by a thread: None

Heap:
 PSYoungGen      total 71680K, used 8810K [0x00000000eab00000, 0x00000000f3700000, 0x0000000100000000)
  eden space 66560K, 5% used [0x00000000eab00000,0x00000000eae9be90,0x00000000eec00000)
  from space 5120K, 99% used [0x00000000eec00000,0x00000000ef0feb78,0x00000000ef100000)
  to   space 5120K, 0% used [0x00000000f3200000,0x00000000f3200000,0x00000000f3700000)
 ParOldGen       total 87552K, used 23009K [0x00000000c0000000, 0x00000000c5580000, 0x00000000eab00000)
  object space 87552K, 26% used [0x00000000c0000000,0x00000000c1678560,0x00000000c5580000)
 Metaspace       used 6382K, capacity 7280K, committed 7552K, reserved 1056768K
  class space    used 612K, capacity 616K, committed 640K, reserved 1048576K

Card table byte_map: [0x0000000011910000,0x0000000011b20000] byte_map_base: 0x0000000011310000

Marking Bits: (ParMarkBitMap*) 0x0000000060a3d4f0
 Begin Bits: [0x0000000012480000, 0x0000000013480000)
 End Bits:   [0x0000000013480000, 0x0000000014480000)

Polling page: 0x00000000022d0000

CodeCache: size=245760Kb used=7824Kb max_used=7824Kb free=237935Kb
 bounds [0x0000000002550000, 0x0000000002d00000, 0x0000000011550000]
 total_blobs=2155 nmethods=1886 adapters=181
 compilation: disabled (not enough contiguous free space left)

Compilation events (10 events):
Event: 4.283 Thread 0x000000001714b000 1912       3       com.android.dx.dex.code.InsnFormat::makeByte (42 bytes)
Event: 4.283 Thread 0x000000001714b000 nmethod 1912 0x0000000002ced550 code [0x0000000002ced6e0, 0x0000000002ced9d8]
Event: 4.283 Thread 0x000000001714b000 1915       3       com.android.dx.dex.code.InsnFormat::write (22 bytes)
Event: 4.283 Thread 0x000000001714b000 nmethod 1915 0x0000000002cedad0 code [0x0000000002cedc60, 0x0000000002cedf28]
Event: 4.283 Thread 0x000000001714b000 1914       3       com.android.dx.dex.code.InsnFormat::write (15 bytes)
Event: 4.283 Thread 0x000000001714b000 nmethod 1914 0x0000000002cee0d0 code [0x0000000002cee240, 0x0000000002cee478]
Event: 4.284 Thread 0x000000001714b000 1917       3       com.android.dx.dex.code.form.Form35c::explicitize (105 bytes)
Event: 4.285 Thread 0x00000000170f4800 

Event: 4.285 Thread 0x00000000170f4800 1913       4       com.android.dx.util.ByteArrayAnnotatedOutput::writeShort (64 bytes)
Event: 4.285 Thread 0x000000001714b000 nmethod 1917 0x0000000002cefad0 code [0x0000000002cefde0, 0x0000000002cf18b8]

GC Heap History (6 events):
Event: 1.557 GC heap before
{Heap before GC invocations=1 (full 0):
 PSYoungGen      total 38400K, used 33280K [0x00000000eab00000, 0x00000000ed580000, 0x0000000100000000)
  eden space 33280K, 100% used [0x00000000eab00000,0x00000000ecb80000,0x00000000ecb80000)
  from space 5120K, 0% used [0x00000000ed080000,0x00000000ed080000,0x00000000ed580000)
  to   space 5120K, 0% used [0x00000000ecb80000,0x00000000ecb80000,0x00000000ed080000)
 ParOldGen       total 87552K, used 0K [0x00000000c0000000, 0x00000000c5580000, 0x00000000eab00000)
  object space 87552K, 0% used [0x00000000c0000000,0x00000000c0000000,0x00000000c5580000)
 Metaspace       used 5871K, capacity 6896K, committed 7040K, reserved 1056768K
  class space    used 589K, capacity 616K, committed 640K, reserved 1048576K
Event: 1.665 GC heap after
Heap after GC invocations=1 (full 0):
 PSYoungGen      total 38400K, used 5117K [0x00000000eab00000, 0x00000000ef600000, 0x0000000100000000)
  eden space 33280K, 0% used [0x00000000eab00000,0x00000000eab00000,0x00000000ecb80000)
  from space 5120K, 99% used [0x00000000ecb80000,0x00000000ed07f4d0,0x00000000ed080000)
  to   space 5120K, 0% used [0x00000000ef100000,0x00000000ef100000,0x00000000ef600000)
 ParOldGen       total 87552K, used 1888K [0x00000000c0000000, 0x00000000c5580000, 0x00000000eab00000)
  object space 87552K, 2% used [0x00000000c0000000,0x00000000c01d80a0,0x00000000c5580000)
 Metaspace       used 5871K, capacity 6896K, committed 7040K, reserved 1056768K
  class space    used 589K, capacity 616K, committed 640K, reserved 1048576K
}
Event: 2.173 GC heap before
{Heap before GC invocations=2 (full 0):
 PSYoungGen      total 38400K, used 38397K [0x00000000eab00000, 0x00000000ef600000, 0x0000000100000000)
  eden space 33280K, 100% used [0x00000000eab00000,0x00000000ecb80000,0x00000000ecb80000)
  from space 5120K, 99% used [0x00000000ecb80000,0x00000000ed07f4d0,0x00000000ed080000)
  to   space 5120K, 0% used [0x00000000ef100000,0x00000000ef100000,0x00000000ef600000)
 ParOldGen       total 87552K, used 1888K [0x00000000c0000000, 0x00000000c5580000, 0x00000000eab00000)
  object space 87552K, 2% used [0x00000000c0000000,0x00000000c01d80a0,0x00000000c5580000)
 Metaspace       used 5990K, capacity 6960K, committed 7040K, reserved 1056768K
  class space    used 591K, capacity 616K, committed 640K, reserved 1048576K
Event: 2.239 GC heap after
Heap after GC invocations=2 (full 0):
 PSYoungGen      total 71680K, used 5090K [0x00000000eab00000, 0x00000000ef600000, 0x0000000100000000)
  eden space 66560K, 0% used [0x00000000eab00000,0x00000000eab00000,0x00000000eec00000)
  from space 5120K, 99% used [0x00000000ef100000,0x00000000ef5f8b88,0x00000000ef600000)
  to   space 5120K, 0% used [0x00000000eec00000,0x00000000eec00000,0x00000000ef100000)
 ParOldGen       total 87552K, used 13355K [0x00000000c0000000, 0x00000000c5580000, 0x00000000eab00000)
  object space 87552K, 15% used [0x00000000c0000000,0x00000000c0d0af70,0x00000000c5580000)
 Metaspace       used 5990K, capacity 6960K, committed 7040K, reserved 1056768K
  class space    used 591K, capacity 616K, committed 640K, reserved 1048576K
}
Event: 3.579 GC heap before
{Heap before GC invocations=3 (full 0):
 PSYoungGen      total 71680K, used 71650K [0x00000000eab00000, 0x00000000ef600000, 0x0000000100000000)
  eden space 66560K, 100% used [0x00000000eab00000,0x00000000eec00000,0x00000000eec00000)
  from space 5120K, 99% used [0x00000000ef100000,0x00000000ef5f8b88,0x00000000ef600000)
  to   space 5120K, 0% used [0x00000000eec00000,0x00000000eec00000,0x00000000ef100000)
 ParOldGen       total 87552K, used 13355K [0x00000000c0000000, 0x00000000c5580000, 0x00000000eab00000)
  object space 87552K, 15% used [0x00000000c0000000,0x00000000c0d0af70,0x00000000c5580000)
 Metaspace       used 6062K, capacity 7024K, committed 7296K, reserved 1056768K
  class space    used 597K, capacity 616K, committed 640K, reserved 1048576K
Event: 3.683 GC heap after
Heap after GC invocations=3 (full 0):
 PSYoungGen      total 71680K, used 5114K [0x00000000eab00000, 0x00000000f3700000, 0x0000000100000000)
  eden space 66560K, 0% used [0x00000000eab00000,0x00000000eab00000,0x00000000eec00000)
  from space 5120K, 99% used [0x00000000eec00000,0x00000000ef0feb78,0x00000000ef100000)
  to   space 5120K, 0% used [0x00000000f3200000,0x00000000f3200000,0x00000000f3700000)
 ParOldGen       total 87552K, used 23009K [0x00000000c0000000, 0x00000000c5580000, 0x00000000eab00000)
  object space 87552K, 26% used [0x00000000c0000000,0x00000000c1678560,0x00000000c5580000)
 Metaspace       used 6062K, capacity 7024K, committed 7296K, reserved 1056768K
  class space    used 597K, capacity 616K, committed 640K, reserved 1048576K
}

Deoptimization events (10 events):
Event: 3.739 Thread 0x00000000173a3800 Uncommon trap: reason=class_check action=maybe_recompile pc=0x00000000029737a4 method=java.util.HashMap.putVal(ILjava/lang/Object;Ljava/lang/Object;ZZ)Ljava/lang/Object; @ 203
Event: 3.740 Thread 0x00000000173a3800 Uncommon trap: reason=class_check action=maybe_recompile pc=0x00000000029737a4 method=java.util.HashMap.putVal(ILjava/lang/Object;Ljava/lang/Object;ZZ)Ljava/lang/Object; @ 203
Event: 3.815 Thread 0x00000000173a3800 Uncommon trap: reason=bimorphic action=maybe_recompile pc=0x0000000002838b68 method=java.util.HashMap.getNode(ILjava/lang/Object;)Ljava/util/HashMap$Node; @ 126
Event: 3.815 Thread 0x00000000173a3800 Uncommon trap: reason=bimorphic action=maybe_recompile pc=0x0000000002838b68 method=java.util.HashMap.getNode(ILjava/lang/Object;)Ljava/util/HashMap$Node; @ 126
Event: 3.815 Thread 0x00000000173a3800 Uncommon trap: reason=bimorphic action=maybe_recompile pc=0x0000000002771650 method=java.util.HashMap.getNode(ILjava/lang/Object;)Ljava/util/HashMap$Node; @ 126
Event: 4.004 Thread 0x00000000173a3800 Uncommon trap: reason=unreached action=reinterpret pc=0x0000000002c63bfc method=com.android.dx.dex.code.LocalList$MakeState.snapshot(ILcom/android/dx/rop/code/RegisterSpecSet;)V @ 51
Event: 4.042 Thread 0x00000000173a3800 Uncommon trap: reason=class_check action=maybe_recompile pc=0x000000000286b08c method=java.util.Arrays.equals([Ljava/lang/Object;[Ljava/lang/Object;)Z @ 62
Event: 4.042 Thread 0x00000000173a3800 Uncommon trap: reason=class_check action=maybe_recompile pc=0x000000000286b08c method=java.util.Arrays.equals([Ljava/lang/Object;[Ljava/lang/Object;)Z @ 62
Event: 4.042 Thread 0x00000000173a3800 Uncommon trap: reason=class_check action=maybe_recompile pc=0x000000000286b08c method=java.util.Arrays.equals([Ljava/lang/Object;[Ljava/lang/Object;)Z @ 62
Event: 4.042 Thread 0x00000000173a3800 Uncommon trap: reason=class_check action=maybe_recompile pc=0x000000000286b08c method=java.util.Arrays.equals([Ljava/lang/Object;[Ljava/lang/Object;)Z @ 62

Internal exceptions (10 events):
Event: 3.856 Thread 0x00000000173a3800 Exception <a 'java/security/PrivilegedActionException'> (0x00000000eac6d8c0) thrown at [C:\workspace\8-2-build-windows-amd64-cygwin\jdk8u31\2394\hotspot\src\share\vm\prims\jvm.cpp, line 1312]
Event: 4.041 Thread 0x00000000173a3800 Exception <a 'java/security/PrivilegedActionException'> (0x00000000ead1d548) thrown at [C:\workspace\8-2-build-windows-amd64-cygwin\jdk8u31\2394\hotspot\src\share\vm\prims\jvm.cpp, line 1312]
Event: 4.042 Thread 0x00000000173a3800 Exception <a 'java/security/PrivilegedActionException'> (0x00000000ead20920) thrown at [C:\workspace\8-2-build-windows-amd64-cygwin\jdk8u31\2394\hotspot\src\share\vm\prims\jvm.cpp, line 1312]
Event: 4.042 Thread 0x00000000173a3800 Exception <a 'java/security/PrivilegedActionException'> (0x00000000ead23b08) thrown at [C:\workspace\8-2-build-windows-amd64-cygwin\jdk8u31\2394\hotspot\src\share\vm\prims\jvm.cpp, line 1312]
Event: 4.190 Thread 0x00000000173a3800 Exception <a 'java/security/PrivilegedActionException'> (0x00000000eadea5a0) thrown at [C:\workspace\8-2-build-windows-amd64-cygwin\jdk8u31\2394\hotspot\src\share\vm\prims\jvm.cpp, line 1312]
Event: 4.191 Thread 0x00000000173a3800 Exception <a 'java/security/PrivilegedActionException'> (0x00000000eadf6340) thrown at [C:\workspace\8-2-build-windows-amd64-cygwin\jdk8u31\2394\hotspot\src\share\vm\prims\jvm.cpp, line 1312]
Event: 4.191 Thread 0x00000000173a3800 Exception <a 'java/security/PrivilegedActionException'> (0x00000000eadf8fe8) thrown at [C:\workspace\8-2-build-windows-amd64-cygwin\jdk8u31\2394\hotspot\src\share\vm\prims\jvm.cpp, line 1312]
Event: 4.259 Thread 0x00000000173a3800 Exception <a 'java/security/PrivilegedActionException'> (0x00000000eae34de8) thrown at [C:\workspace\8-2-build-windows-amd64-cygwin\jdk8u31\2394\hotspot\src\share\vm\prims\jvm.cpp, line 1312]
Event: 4.267 Thread 0x00000000173a3800 Exception <a 'java/security/PrivilegedActionException'> (0x00000000eae50718) thrown at [C:\workspace\8-2-build-windows-amd64-cygwin\jdk8u31\2394\hotspot\src\share\vm\prims\jvm.cpp, line 1312]
Event: 4.270 Thread 0x00000000173a3800 Exception <a 'java/security/PrivilegedActionException'> (0x00000000eae56378) thrown at [C:\workspace\8-2-build-windows-amd64-cygwin\jdk8u31\2394\hotspot\src\share\vm\prims\jvm.cpp, line 1312]

Events (10 events):
Event: 4.191 loading class com/android/dx/dex/file/DebugInfoEncoder$2
Event: 4.191 loading class com/android/dx/dex/file/DebugInfoEncoder$2 done
Event: 4.234 Executing VM operation: EnableBiasedLocking
Event: 4.256 Executing VM operation: EnableBiasedLocking done
Event: 4.259 loading class com/android/dex/EncodedValueCodec
Event: 4.259 loading class com/android/dex/EncodedValueCodec done
Event: 4.267 loading class com/android/dx/dex/file/MapItem
Event: 4.267 loading class com/android/dx/dex/file/MapItem done
Event: 4.270 loading class com/android/dex/DexFormat
Event: 4.270 loading class com/android/dex/DexFormat done


Dynamic libraries:
0x00007ff6aefa0000 - 0x00007ff6aefd4000 	C:\Program Files\Java\jdk1.8.0_31\bin\java.exe
0x00007ffe4b830000 - 0x00007ffe4b9f1000 	C:\WINDOWS\SYSTEM32\ntdll.dll
0x00007ffe48f00000 - 0x00007ffe48fad000 	C:\WINDOWS\system32\KERNEL32.DLL
0x00007ffe47d70000 - 0x00007ffe47f58000 	C:\WINDOWS\system32\KERNELBASE.dll
0x00007ffe48e30000 - 0x00007ffe48ed7000 	C:\WINDOWS\system32\ADVAPI32.dll
0x00007ffe49ca0000 - 0x00007ffe49d3d000 	C:\WINDOWS\system32\msvcrt.dll
0x00007ffe4b7d0000 - 0x00007ffe4b82b000 	C:\WINDOWS\system32\sechost.dll
0x00007ffe48ad0000 - 0x00007ffe48bec000 	C:\WINDOWS\system32\RPCRT4.dll
0x00007ffe49b40000 - 0x00007ffe49c96000 	C:\WINDOWS\system32\USER32.dll
0x00007ffe48ca0000 - 0x00007ffe48e26000 	C:\WINDOWS\system32\GDI32.dll
0x00007ffe44170000 - 0x00007ffe443e4000 	C:\WINDOWS\WinSxS\amd64_microsoft.windows.common-controls_6595b64144ccf1df_6.0.10586.0_none_8c15ae12515e1c22\COMCTL32.dll
0x00007ffe49d40000 - 0x00007ffe49fbd000 	C:\WINDOWS\system32\combase.dll
0x00007ffe487e0000 - 0x00007ffe4884a000 	C:\WINDOWS\system32\bcryptPrimitives.dll
0x00007ffe48c50000 - 0x00007ffe48c8b000 	C:\WINDOWS\system32\IMM32.DLL
0x000000005f420000 - 0x000000005f4f2000 	C:\Program Files\Java\jdk1.8.0_31\jre\bin\msvcr100.dll
0x0000000060260000 - 0x0000000060aba000 	C:\Program Files\Java\jdk1.8.0_31\jre\bin\server\jvm.dll
0x00007ffe47c90000 - 0x00007ffe47cb3000 	C:\WINDOWS\system32\WINMM.dll
0x00007ffe47c20000 - 0x00007ffe47c4c000 	C:\WINDOWS\system32\WINMMBASE.dll
0x00007ffe47cc0000 - 0x00007ffe47d03000 	C:\WINDOWS\system32\cfgmgr32.dll
0x00007ffe493b0000 - 0x00007ffe493b8000 	C:\WINDOWS\system32\PSAPI.DLL
0x00007ffe44750000 - 0x00007ffe44759000 	C:\WINDOWS\SYSTEM32\WSOCK32.dll
0x00007ffe493c0000 - 0x00007ffe4942b000 	C:\WINDOWS\system32\WS2_32.dll
0x0000000061150000 - 0x000000006115f000 	C:\Program Files\Java\jdk1.8.0_31\jre\bin\verify.dll
0x0000000061120000 - 0x0000000061148000 	C:\Program Files\Java\jdk1.8.0_31\jre\bin\java.dll
0x0000000061100000 - 0x0000000061116000 	C:\Program Files\Java\jdk1.8.0_31\jre\bin\zip.dll
0x00007ffe49fc0000 - 0x00007ffe4b51c000 	C:\WINDOWS\system32\SHELL32.dll
0x00007ffe47f70000 - 0x00007ffe485b4000 	C:\WINDOWS\system32\windows.storage.dll
0x00007ffe48bf0000 - 0x00007ffe48c42000 	C:\WINDOWS\system32\shlwapi.dll
0x00007ffe47c70000 - 0x00007ffe47c7f000 	C:\WINDOWS\system32\kernel.appcore.dll
0x00007ffe48850000 - 0x00007ffe48905000 	C:\WINDOWS\system32\shcore.dll
0x00007ffe48790000 - 0x00007ffe487db000 	C:\WINDOWS\system32\powrprof.dll
0x00007ffe47c50000 - 0x00007ffe47c64000 	C:\WINDOWS\system32\profapi.dll
0x00007ffe22500000 - 0x00007ffe2268c000 	C:\WINDOWS\SYSTEM32\dbghelp.dll

VM Arguments:
jvm_args: -Djava.awt.headless=true -Xmx1024M -Dfile.encoding=GBK -Duser.country=CN -Duser.language=zh -Duser.variant 
java_command: com.android.dx.command.Main --dex --force-jumbo --num-threads=4 --multi-dex --output C:\Users\Administrator\Desktop\Android_learn\Birthdays\app\build\intermediates\transforms\dex\debug\folders\1000\5\slice_0 C:\Users\Administrator\Desktop\Android_learn\Birthdays\app\build\intermediates\transforms\instantRunSlicer\debug\folders\1\5\slice_0
java_class_path (initial): E:\Users\Administrator\AppData\Local\build-tools\23.0.3\lib\dx.jar
Launcher Type: SUN_STANDARD

Environment Variables:
PATH=C:\ProgramData\Oracle\Java\javapath;C:\WINDOWS\system32;C:\WINDOWS;C:\WINDOWS\System32\Wbem;C:\WINDOWS\System32\WindowsPowerShell\v1.0\;C:\Program Files (x86)\NVIDIA Corporation\PhysX\Common
USERNAME=Administrator
OS=Windows_NT
PROCESSOR_IDENTIFIER=Intel64 Family 6 Model 60 Stepping 3, GenuineIntel



---------------  S Y S T E M  ---------------

OS: Windows 8.1 , 64 bit Build 9600 

CPU:total 8 (4 cores per cpu, 2 threads per core) family 6 model 60 stepping 3, cmov, cx8, fxsr, mmx, sse, sse2, sse3, ssse3, sse4.1, sse4.2, popcnt, avx, avx2, aes, clmul, erms, lzcnt, ht, tsc, tscinvbit, bmi1, bmi2

Memory: 4k page, physical 8269952k(286784k free), swap 16030692k(53792k free)

vm_info: Java HotSpot(TM) 64-Bit Server VM (25.31-b07) for windows-amd64 JRE (1.8.0_31-b13), built on Dec 17 2014 21:00:28 by "java_re" with MS VC++ 10.0 (VS2010)

time: Mon May 23 22:24:48 2016
elapsed time: 4 seconds (0d 0h 0m 4s)

